<?xml version="1.0" encoding="utf-8"?>
<coverage line-rate="0.8468000000000001" branch-rate="0.8258" version="1.9" timestamp="1741916786" lines-covered="973" lines-valid="1149" branches-covered="256" branches-valid="310">
  <sources>
    <source>/home/runner/work/Spdx3/Spdx3/Spdx3/</source>
  </sources>
  <packages>
    <package name="Spdx3" line-rate="0.8468000000000001" branch-rate="0.8258" complexity="534">
      <classes>
        <class name="Spdx3.Utility.Catalog" filename="Utility/Catalog.cs" line-rate="0.9428" branch-rate="0.9166" complexity="16">
          <methods>
            <method name="get_Items" signature="()" line-rate="1" branch-rate="1" complexity="1">
              <lines>
                <line number="16" hits="540" branch="False" />
              </lines>
            </method>
            <method name="NewId" signature="(System.Type)" line-rate="1" branch-rate="1" complexity="1">
              <lines>
                <line number="25" hits="349" branch="False" />
                <line number="26" hits="349" branch="False" />
                <line number="27" hits="349" branch="False" />
              </lines>
            </method>
            <method name="GetShortUid" signature="()" line-rate="1" branch-rate="1" complexity="1">
              <lines>
                <line number="30" hits="349" branch="False" />
                <line number="32" hits="349" branch="False" />
                <line number="33" hits="349" branch="False" />
              </lines>
            </method>
            <method name="GetModel" signature="()" line-rate="0.9259000000000001" branch-rate="0.9166" complexity="12">
              <lines>
                <line number="41" hits="1" branch="False" />
                <line number="42" hits="19" branch="False" />
                <line number="43" hits="1" branch="True" condition-coverage="50% (1/2)">
                  <conditions>
                    <condition number="73" type="jump" coverage="50%" />
                  </conditions>
                </line>
                <line number="44" hits="0" branch="False" />
                <line number="45" hits="0" branch="False" />
                <line number="47" hits="1" branch="False" />
                <line number="50" hits="39" branch="True" condition-coverage="100% (2/2)">
                  <conditions>
                    <condition number="374" type="jump" coverage="100%" />
                  </conditions>
                </line>
                <line number="51" hits="18" branch="False" />
                <line number="52" hits="18" branch="False" />
                <line number="53" hits="616" branch="True" condition-coverage="100% (2/2)">
                  <conditions>
                    <condition number="361" type="jump" coverage="100%" />
                  </conditions>
                </line>
                <line number="54" hits="281" branch="False" />
                <line number="55" hits="281" branch="True" condition-coverage="100% (2/2)">
                  <conditions>
                    <condition number="254" type="jump" coverage="100%" />
                  </conditions>
                </line>
                <line number="56" hits="258" branch="False" />
                <line number="57" hits="258" branch="False" />
                <line number="60" hits="23" branch="False" />
                <line number="61" hits="23" branch="True" condition-coverage="100% (2/2)">
                  <conditions>
                    <condition number="285" type="jump" coverage="100%" />
                  </conditions>
                </line>
                <line number="62" hits="2" branch="False" />
                <line number="63" hits="2" branch="False" />
                <line number="66" hits="21" branch="True" condition-coverage="100% (2/2)">
                  <conditions>
                    <condition number="312" type="jump" coverage="100%" />
                  </conditions>
                </line>
                <line number="67" hits="21" branch="False" />
                <line number="68" hits="21" branch="False" />
                <line number="69" hits="21" branch="False" />
                <line number="70" hits="21" branch="False" />
                <line number="71" hits="21" branch="False" />
                <line number="72" hits="18" branch="False" />
                <line number="74" hits="1" branch="False" />
                <line number="75" hits="1" branch="False" />
              </lines>
            </method>
            <method name=".ctor" signature="()" line-rate="1" branch-rate="1" complexity="1">
              <lines>
                <line number="13" hits="127" branch="False" />
              </lines>
            </method>
          </methods>
          <lines>
            <line number="16" hits="540" branch="False" />
            <line number="25" hits="349" branch="False" />
            <line number="26" hits="349" branch="False" />
            <line number="27" hits="349" branch="False" />
            <line number="30" hits="349" branch="False" />
            <line number="32" hits="349" branch="False" />
            <line number="33" hits="349" branch="False" />
            <line number="41" hits="1" branch="False" />
            <line number="42" hits="19" branch="False" />
            <line number="43" hits="1" branch="True" condition-coverage="50% (1/2)">
              <conditions>
                <condition number="73" type="jump" coverage="50%" />
              </conditions>
            </line>
            <line number="44" hits="0" branch="False" />
            <line number="45" hits="0" branch="False" />
            <line number="47" hits="1" branch="False" />
            <line number="50" hits="39" branch="True" condition-coverage="100% (2/2)">
              <conditions>
                <condition number="374" type="jump" coverage="100%" />
              </conditions>
            </line>
            <line number="51" hits="18" branch="False" />
            <line number="52" hits="18" branch="False" />
            <line number="53" hits="616" branch="True" condition-coverage="100% (2/2)">
              <conditions>
                <condition number="361" type="jump" coverage="100%" />
              </conditions>
            </line>
            <line number="54" hits="281" branch="False" />
            <line number="55" hits="281" branch="True" condition-coverage="100% (2/2)">
              <conditions>
                <condition number="254" type="jump" coverage="100%" />
              </conditions>
            </line>
            <line number="56" hits="258" branch="False" />
            <line number="57" hits="258" branch="False" />
            <line number="60" hits="23" branch="False" />
            <line number="61" hits="23" branch="True" condition-coverage="100% (2/2)">
              <conditions>
                <condition number="285" type="jump" coverage="100%" />
              </conditions>
            </line>
            <line number="62" hits="2" branch="False" />
            <line number="63" hits="2" branch="False" />
            <line number="66" hits="21" branch="True" condition-coverage="100% (2/2)">
              <conditions>
                <condition number="312" type="jump" coverage="100%" />
              </conditions>
            </line>
            <line number="67" hits="21" branch="False" />
            <line number="68" hits="21" branch="False" />
            <line number="69" hits="21" branch="False" />
            <line number="70" hits="21" branch="False" />
            <line number="71" hits="21" branch="False" />
            <line number="72" hits="18" branch="False" />
            <line number="74" hits="1" branch="False" />
            <line number="75" hits="1" branch="False" />
            <line number="13" hits="127" branch="False" />
          </lines>
        </class>
        <class name="Spdx3.Utility.Naming" filename="Utility/Naming.cs" line-rate="0.9565" branch-rate="0.9444" complexity="19">
          <methods>
            <method name="SpdxTypeForClass" signature="(System.Type)" line-rate="1" branch-rate="1" complexity="8">
              <lines>
                <line number="23" hits="375" branch="False" />
                <line number="24" hits="375" branch="True" condition-coverage="100% (2/2)">
                  <conditions>
                    <condition number="30" type="jump" coverage="100%" />
                  </conditions>
                </line>
                <line number="25" hits="1" branch="False" />
                <line number="26" hits="1" branch="False" />
                <line number="29" hits="1495" branch="True" condition-coverage="100% (4/4)">
                  <conditions>
                    <condition number="78" type="jump" coverage="100%" />
                    <condition number="162" type="jump" coverage="100%" />
                  </conditions>
                </line>
                <line number="30" hits="720" branch="True" condition-coverage="100% (2/2)">
                  <conditions>
                    <condition number="27" type="jump" coverage="100%" />
                  </conditions>
                </line>
                <line number="31" hits="720" branch="False" />
                <line number="32" hits="374" branch="False" />
                <line number="34" hits="373" branch="False" />
                <line number="35" hits="373" branch="False" />
                <line number="38" hits="1" branch="False" />
                <line number="39" hits="373" branch="False" />
              </lines>
            </method>
            <method name="ClassNameForSpdxType" signature="(System.String)" line-rate="0.9" branch-rate="0.9" complexity="10">
              <lines>
                <line number="42" hits="19" branch="False" />
                <line number="43" hits="19" branch="False" />
                <line number="44" hits="19" branch="True" condition-coverage="100% (2/2)">
                  <conditions>
                    <condition number="19" type="jump" coverage="100%" />
                  </conditions>
                </line>
                <line number="45" hits="14" branch="False" />
                <line number="46" hits="14" branch="False" />
                <line number="47" hits="14" branch="False" />
                <line number="49" hits="5" branch="False" />
                <line number="50" hits="40" branch="True" condition-coverage="100% (2/2)">
                  <conditions>
                    <condition number="170" type="jump" coverage="100%" />
                  </conditions>
                </line>
                <line number="51" hits="15" branch="False" />
                <line number="52" hits="15" branch="True" condition-coverage="100% (4/4)">
                  <conditions>
                    <condition number="76" type="jump" coverage="100%" />
                    <condition number="98" type="jump" coverage="100%" />
                  </conditions>
                </line>
                <line number="53" hits="5" branch="False" />
                <line number="54" hits="5" branch="False" />
                <line number="55" hits="5" branch="False" />
                <line number="57" hits="10" branch="False" />
                <line number="58" hits="5" branch="False" />
                <line number="60" hits="19" branch="True" condition-coverage="50% (1/2)">
                  <conditions>
                    <condition number="198" type="jump" coverage="50%" />
                  </conditions>
                </line>
                <line number="61" hits="0" branch="False" />
                <line number="62" hits="0" branch="False" />
                <line number="65" hits="19" branch="False" />
                <line number="66" hits="19" branch="False" />
              </lines>
            </method>
            <method name=".cctor" signature="()" line-rate="1" branch-rate="1" complexity="1">
              <lines>
                <line number="7" hits="1" branch="False" />
                <line number="8" hits="1" branch="False" />
                <line number="9" hits="1" branch="False" />
                <line number="10" hits="1" branch="False" />
                <line number="11" hits="1" branch="False" />
                <line number="12" hits="1" branch="False" />
                <line number="13" hits="1" branch="False" />
                <line number="14" hits="1" branch="False" />
                <line number="15" hits="1" branch="False" />
                <line number="16" hits="1" branch="False" />
                <line number="17" hits="1" branch="False" />
                <line number="18" hits="1" branch="False" />
                <line number="19" hits="1" branch="False" />
                <line number="20" hits="1" branch="False" />
              </lines>
            </method>
          </methods>
          <lines>
            <line number="23" hits="375" branch="False" />
            <line number="24" hits="375" branch="True" condition-coverage="100% (2/2)">
              <conditions>
                <condition number="30" type="jump" coverage="100%" />
              </conditions>
            </line>
            <line number="25" hits="1" branch="False" />
            <line number="26" hits="1" branch="False" />
            <line number="29" hits="1495" branch="True" condition-coverage="100% (4/4)">
              <conditions>
                <condition number="78" type="jump" coverage="100%" />
                <condition number="162" type="jump" coverage="100%" />
              </conditions>
            </line>
            <line number="30" hits="720" branch="True" condition-coverage="100% (2/2)">
              <conditions>
                <condition number="27" type="jump" coverage="100%" />
              </conditions>
            </line>
            <line number="31" hits="720" branch="False" />
            <line number="32" hits="374" branch="False" />
            <line number="34" hits="373" branch="False" />
            <line number="35" hits="373" branch="False" />
            <line number="38" hits="1" branch="False" />
            <line number="39" hits="373" branch="False" />
            <line number="42" hits="19" branch="False" />
            <line number="43" hits="19" branch="False" />
            <line number="44" hits="19" branch="True" condition-coverage="100% (2/2)">
              <conditions>
                <condition number="19" type="jump" coverage="100%" />
              </conditions>
            </line>
            <line number="45" hits="14" branch="False" />
            <line number="46" hits="14" branch="False" />
            <line number="47" hits="14" branch="False" />
            <line number="49" hits="5" branch="False" />
            <line number="50" hits="40" branch="True" condition-coverage="100% (2/2)">
              <conditions>
                <condition number="170" type="jump" coverage="100%" />
              </conditions>
            </line>
            <line number="51" hits="15" branch="False" />
            <line number="52" hits="15" branch="True" condition-coverage="100% (4/4)">
              <conditions>
                <condition number="76" type="jump" coverage="100%" />
                <condition number="98" type="jump" coverage="100%" />
              </conditions>
            </line>
            <line number="53" hits="5" branch="False" />
            <line number="54" hits="5" branch="False" />
            <line number="55" hits="5" branch="False" />
            <line number="57" hits="10" branch="False" />
            <line number="58" hits="5" branch="False" />
            <line number="60" hits="19" branch="True" condition-coverage="50% (1/2)">
              <conditions>
                <condition number="198" type="jump" coverage="50%" />
              </conditions>
            </line>
            <line number="61" hits="0" branch="False" />
            <line number="62" hits="0" branch="False" />
            <line number="65" hits="19" branch="False" />
            <line number="66" hits="19" branch="False" />
            <line number="7" hits="1" branch="False" />
            <line number="8" hits="1" branch="False" />
            <line number="9" hits="1" branch="False" />
            <line number="10" hits="1" branch="False" />
            <line number="11" hits="1" branch="False" />
            <line number="12" hits="1" branch="False" />
            <line number="13" hits="1" branch="False" />
            <line number="14" hits="1" branch="False" />
            <line number="15" hits="1" branch="False" />
            <line number="16" hits="1" branch="False" />
            <line number="17" hits="1" branch="False" />
            <line number="18" hits="1" branch="False" />
            <line number="19" hits="1" branch="False" />
            <line number="20" hits="1" branch="False" />
          </lines>
        </class>
        <class name="Spdx3.Serialization.PhysicalSerialization" filename="Serialization/PhysicalSerialization.cs" line-rate="1" branch-rate="1" complexity="4">
          <methods>
            <method name="get_Context" signature="()" line-rate="1" branch-rate="1" complexity="1">
              <lines>
                <line number="14" hits="7" branch="False" />
              </lines>
            </method>
            <method name="get_Graph" signature="()" line-rate="1" branch-rate="1" complexity="1">
              <lines>
                <line number="18" hits="27" branch="False" />
              </lines>
            </method>
            <method name=".ctor" signature="(Spdx3.Utility.Catalog)" line-rate="1" branch-rate="1" complexity="1">
              <lines>
                <line number="20" hits="2" branch="False" />
                <line number="21" hits="2" branch="False" />
                <line number="22" hits="2" branch="False" />
                <line number="23" hits="2" branch="False" />
              </lines>
            </method>
            <method name=".ctor" signature="()" line-rate="1" branch-rate="1" complexity="1">
              <lines>
                <line number="25" hits="1" branch="False" />
                <line number="26" hits="1" branch="False" />
                <line number="27" hits="1" branch="False" />
              </lines>
            </method>
          </methods>
          <lines>
            <line number="14" hits="7" branch="False" />
            <line number="18" hits="27" branch="False" />
            <line number="20" hits="2" branch="False" />
            <line number="21" hits="2" branch="False" />
            <line number="22" hits="2" branch="False" />
            <line number="23" hits="2" branch="False" />
            <line number="25" hits="1" branch="False" />
            <line number="26" hits="1" branch="False" />
            <line number="27" hits="1" branch="False" />
          </lines>
        </class>
        <class name="Spdx3.Serialization.Reader" filename="Serialization/Reader.cs" line-rate="0.9333" branch-rate="0.75" complexity="8">
          <methods>
            <method name="get_Options" signature="()" line-rate="1" branch-rate="1" complexity="1">
              <lines>
                <line number="19" hits="4" branch="False" />
              </lines>
            </method>
            <method name="ReadString" signature="(System.String)" line-rate="0.8181" branch-rate="0.75" complexity="4">
              <lines>
                <line number="37" hits="1" branch="False" />
                <line number="38" hits="1" branch="False" />
                <line number="39" hits="1" branch="True" condition-coverage="50% (1/2)">
                  <conditions>
                    <condition number="20" type="jump" coverage="50%" />
                  </conditions>
                </line>
                <line number="40" hits="0" branch="False" />
                <line number="41" hits="0" branch="False" />
                <line number="43" hits="41" branch="True" condition-coverage="100% (2/2)">
                  <conditions>
                    <condition number="88" type="jump" coverage="100%" />
                  </conditions>
                </line>
                <line number="44" hits="19" branch="False" />
                <line number="45" hits="19" branch="False" />
                <line number="46" hits="19" branch="False" />
                <line number="48" hits="1" branch="False" />
                <line number="49" hits="1" branch="False" />
              </lines>
            </method>
            <method name="ReadFileStream" signature="(System.IO.FileStream)" line-rate="1" branch-rate="1" complexity="1">
              <lines>
                <line number="52" hits="1" branch="False" />
                <line number="53" hits="1" branch="False" />
                <line number="54" hits="1" branch="False" />
                <line number="55" hits="1" branch="False" />
              </lines>
            </method>
            <method name="ReadFileName" signature="(System.String)" line-rate="1" branch-rate="1" complexity="1">
              <lines>
                <line number="58" hits="1" branch="False" />
                <line number="59" hits="1" branch="False" />
                <line number="60" hits="1" branch="False" />
                <line number="61" hits="1" branch="False" />
              </lines>
            </method>
            <method name=".ctor" signature="(Spdx3.Utility.Catalog)" line-rate="1" branch-rate="1" complexity="1">
              <lines>
                <line number="20" hits="1" branch="False" />
                <line number="21" hits="1" branch="False" />
                <line number="22" hits="1" branch="False" />
                <line number="23" hits="1" branch="False" />
                <line number="29" hits="1" branch="False" />
                <line number="30" hits="1" branch="False" />
                <line number="31" hits="1" branch="False" />
                <line number="32" hits="1" branch="False" />
                <line number="33" hits="1" branch="False" />
                <line number="34" hits="1" branch="False" />
              </lines>
            </method>
          </methods>
          <lines>
            <line number="19" hits="4" branch="False" />
            <line number="37" hits="1" branch="False" />
            <line number="38" hits="1" branch="False" />
            <line number="39" hits="1" branch="True" condition-coverage="50% (1/2)">
              <conditions>
                <condition number="20" type="jump" coverage="50%" />
              </conditions>
            </line>
            <line number="40" hits="0" branch="False" />
            <line number="41" hits="0" branch="False" />
            <line number="43" hits="41" branch="True" condition-coverage="100% (2/2)">
              <conditions>
                <condition number="88" type="jump" coverage="100%" />
              </conditions>
            </line>
            <line number="44" hits="19" branch="False" />
            <line number="45" hits="19" branch="False" />
            <line number="46" hits="19" branch="False" />
            <line number="48" hits="1" branch="False" />
            <line number="49" hits="1" branch="False" />
            <line number="52" hits="1" branch="False" />
            <line number="53" hits="1" branch="False" />
            <line number="54" hits="1" branch="False" />
            <line number="55" hits="1" branch="False" />
            <line number="58" hits="1" branch="False" />
            <line number="59" hits="1" branch="False" />
            <line number="60" hits="1" branch="False" />
            <line number="61" hits="1" branch="False" />
            <line number="20" hits="1" branch="False" />
            <line number="21" hits="1" branch="False" />
            <line number="22" hits="1" branch="False" />
            <line number="23" hits="1" branch="False" />
            <line number="29" hits="1" branch="False" />
            <line number="30" hits="1" branch="False" />
            <line number="31" hits="1" branch="False" />
            <line number="32" hits="1" branch="False" />
            <line number="33" hits="1" branch="False" />
            <line number="34" hits="1" branch="False" />
          </lines>
        </class>
        <class name="Spdx3.Serialization.SpdxModelConverter`1" filename="Serialization/SpdxModelConverter.cs" line-rate="0.7898999999999999" branch-rate="0.7956" complexity="137">
          <methods>
            <method name="Read" signature="(System.Text.Json.Utf8JsonReader&amp;,System.Type,System.Text.Json.JsonSerializerOptions)" line-rate="0.6037" branch-rate="0.5849" complexity="53">
              <lines>
                <line number="14" hits="4" branch="False" />
                <line number="15" hits="4" branch="False" />
                <line number="16" hits="4" branch="True" condition-coverage="50% (1/2)">
                  <conditions>
                    <condition number="25" type="jump" coverage="50%" />
                  </conditions>
                </line>
                <line number="17" hits="0" branch="False" />
                <line number="18" hits="0" branch="True" condition-coverage="0% (0/2)">
                  <conditions>
                    <condition number="44" type="jump" coverage="0%" />
                  </conditions>
                </line>
                <line number="21" hits="4" branch="False" />
                <line number="22" hits="46" branch="True" condition-coverage="100% (2/2)">
                  <conditions>
                    <condition number="1422" type="jump" coverage="100%" />
                  </conditions>
                </line>
                <line number="23" hits="42" branch="True" condition-coverage="71.42% (5/7)">
                  <conditions>
                    <condition number="88" type="jump" coverage="50%" />
                    <condition number="99" type="switch" coverage="80%" />
                  </conditions>
                </line>
                <line number="26" hits="16" branch="False" />
                <line number="27" hits="16" branch="True" condition-coverage="50% (1/2)">
                  <conditions>
                    <condition number="140" type="jump" coverage="50%" />
                  </conditions>
                </line>
                <line number="28" hits="0" branch="False" />
                <line number="29" hits="0" branch="False" />
                <line number="32" hits="16" branch="False" />
                <line number="33" hits="16" branch="True" condition-coverage="50% (1/2)">
                  <conditions>
                    <condition number="173" type="jump" coverage="50%" />
                  </conditions>
                </line>
                <line number="34" hits="0" branch="False" />
                <line number="35" hits="0" branch="False" />
                <line number="36" hits="0" branch="False" />
                <line number="39" hits="16" branch="False" />
                <line number="42" hits="0" branch="True" condition-coverage="0% (0/2)">
                  <conditions>
                    <condition number="254" type="jump" coverage="0%" />
                  </conditions>
                </line>
                <line number="45" hits="18" branch="False" />
                <line number="46" hits="18" branch="True" condition-coverage="50% (1/2)">
                  <conditions>
                    <condition number="295" type="jump" coverage="50%" />
                  </conditions>
                </line>
                <line number="47" hits="0" branch="False" />
                <line number="48" hits="0" branch="False" />
                <line number="49" hits="0" branch="False" />
                <line number="52" hits="18" branch="True" condition-coverage="50% (1/2)">
                  <conditions>
                    <condition number="330" type="jump" coverage="50%" />
                  </conditions>
                </line>
                <line number="53" hits="0" branch="False" />
                <line number="54" hits="0" branch="False" />
                <line number="57" hits="18" branch="True" condition-coverage="100% (2/2)">
                  <conditions>
                    <condition number="369" type="jump" coverage="100%" />
                  </conditions>
                </line>
                <line number="58" hits="11" branch="False" />
                <line number="59" hits="11" branch="False" />
                <line number="60" hits="11" branch="False" />
                <line number="61" hits="7" branch="True" condition-coverage="100% (2/2)">
                  <conditions>
                    <condition number="418" type="jump" coverage="100%" />
                  </conditions>
                </line>
                <line number="62" hits="1" branch="False" />
                <line number="63" hits="1" branch="False" />
                <line number="64" hits="1" branch="False" />
                <line number="65" hits="6" branch="True" condition-coverage="100% (2/2)">
                  <conditions>
                    <condition number="467" type="jump" coverage="100%" />
                  </conditions>
                </line>
                <line number="66" hits="4" branch="False" />
                <line number="67" hits="4" branch="False" />
                <line number="68" hits="4" branch="True" condition-coverage="100% (2/2)">
                  <conditions>
                    <condition number="509" type="jump" coverage="100%" />
                  </conditions>
                </line>
                <line number="69" hits="2" branch="False" />
                <line number="70" hits="2" branch="True" condition-coverage="50% (1/2)">
                  <conditions>
                    <condition number="543" type="jump" coverage="50%" />
                  </conditions>
                </line>
                <line number="71" hits="0" branch="False" />
                <line number="72" hits="0" branch="False" />
                <line number="73" hits="0" branch="False" />
                <line number="76" hits="2" branch="False" />
                <line number="77" hits="2" branch="False" />
                <line number="78" hits="2" branch="True" condition-coverage="50% (1/2)">
                  <conditions>
                    <condition number="610" type="jump" coverage="50%" />
                  </conditions>
                </line>
                <line number="79" hits="2" branch="False" />
                <line number="85" hits="2" branch="False" />
                <line number="86" hits="2" branch="False" />
                <line number="87" hits="2" branch="True" condition-coverage="50% (1/2)">
                  <conditions>
                    <condition number="642" type="jump" coverage="50%" />
                  </conditions>
                </line>
                <line number="88" hits="0" branch="False" />
                <line number="89" hits="0" branch="False" />
                <line number="92" hits="2" branch="False" />
                <line number="93" hits="2" branch="True" condition-coverage="50% (1/2)">
                  <conditions>
                    <condition number="712" type="jump" coverage="50%" />
                  </conditions>
                </line>
                <line number="94" hits="0" branch="False" />
                <line number="95" hits="0" branch="False" />
                <line number="98" hits="2" branch="False" />
                <line number="99" hits="2" branch="True" condition-coverage="50% (1/2)">
                  <conditions>
                    <condition number="752" type="jump" coverage="50%" />
                  </conditions>
                </line>
                <line number="100" hits="0" branch="False" />
                <line number="101" hits="0" branch="False" />
                <line number="102" hits="0" branch="False" />
                <line number="105" hits="2" branch="False" />
                <line number="107" hits="2" branch="False" />
                <line number="108" hits="2" branch="True" condition-coverage="50% (1/2)">
                  <conditions>
                    <condition number="839" type="jump" coverage="50%" />
                  </conditions>
                </line>
                <line number="109" hits="0" branch="False" />
                <line number="110" hits="0" branch="False" />
                <line number="113" hits="2" branch="False" />
                <line number="114" hits="2" branch="True" condition-coverage="50% (1/2)">
                  <conditions>
                    <condition number="936" type="jump" coverage="50%" />
                  </conditions>
                </line>
                <line number="115" hits="0" branch="False" />
                <line number="116" hits="0" branch="False" />
                <line number="117" hits="0" branch="False" />
                <line number="120" hits="2" branch="False" />
                <line number="121" hits="2" branch="False" />
                <line number="123" hits="0" branch="False" />
                <line number="124" hits="0" branch="False" />
                <line number="126" hits="4" branch="False" />
                <line number="127" hits="2" branch="True" condition-coverage="100% (2/2)">
                  <conditions>
                    <condition number="1060" type="jump" coverage="100%" />
                  </conditions>
                </line>
                <line number="128" hits="1" branch="False" />
                <line number="129" hits="1" branch="False" />
                <line number="130" hits="1" branch="False" />
                <line number="131" hits="1" branch="True" condition-coverage="50% (1/2)">
                  <conditions>
                    <condition number="1120" type="jump" coverage="50%" />
                  </conditions>
                </line>
                <line number="132" hits="1" branch="False" />
                <line number="138" hits="1" branch="False" />
                <line number="139" hits="1" branch="False" />
                <line number="140" hits="1" branch="True" condition-coverage="50% (1/2)">
                  <conditions>
                    <condition number="1160" type="jump" coverage="50%" />
                  </conditions>
                </line>
                <line number="141" hits="0" branch="False" />
                <line number="142" hits="0" branch="False" />
                <line number="143" hits="0" branch="False" />
                <line number="146" hits="1" branch="False" />
                <line number="147" hits="1" branch="False" />
                <line number="148" hits="1" branch="False" />
                <line number="149" hits="1" branch="False" />
                <line number="150" hits="1" branch="False" />
                <line number="152" hits="0" branch="False" />
                <line number="153" hits="0" branch="False" />
                <line number="154" hits="0" branch="False" />
                <line number="157" hits="18" branch="False" />
                <line number="159" hits="0" branch="False" />
                <line number="160" hits="0" branch="True" condition-coverage="0% (0/2)">
                  <conditions>
                    <condition number="1341" type="jump" coverage="0%" />
                  </conditions>
                </line>
                <line number="161" hits="0" branch="False" />
                <line number="162" hits="0" branch="False" />
                <line number="165" hits="0" branch="False" />
                <line number="167" hits="0" branch="False" />
                <line number="170" hits="4" branch="False" />
                <line number="171" hits="4" branch="False" />
              </lines>
            </method>
            <method name="Write" signature="(System.Text.Json.Utf8JsonWriter,T,System.Text.Json.JsonSerializerOptions)" line-rate="0.9411" branch-rate="0.9582999999999999" complexity="24">
              <lines>
                <line number="174" hits="78" branch="False" />
                <line number="175" hits="78" branch="True" condition-coverage="50% (1/2)">
                  <conditions>
                    <condition number="30" type="jump" coverage="50%" />
                  </conditions>
                </line>
                <line number="176" hits="0" branch="False" />
                <line number="177" hits="0" branch="False" />
                <line number="181" hits="78" branch="True" condition-coverage="100% (2/2)">
                  <conditions>
                    <condition number="66" type="jump" coverage="100%" />
                  </conditions>
                </line>
                <line number="182" hits="1056" branch="False" />
                <line number="184" hits="78" branch="False" />
                <line number="186" hits="2712" branch="True" condition-coverage="100% (4/4)">
                  <conditions>
                    <condition number="113" type="jump" coverage="100%" />
                    <condition number="399" type="jump" coverage="100%" />
                  </conditions>
                </line>
                <line number="187" hits="750" branch="False" />
                <line number="188" hits="750" branch="False" />
                <line number="190" hits="750" branch="False" />
                <line number="191" hits="750" branch="False" />
                <line number="194" hits="750" branch="True" condition-coverage="100% (6/6)">
                  <conditions>
                    <condition number="209" type="jump" coverage="100%" />
                    <condition number="235" type="jump" coverage="100%" />
                    <condition number="258" type="jump" coverage="100%" />
                  </conditions>
                </line>
                <line number="195" hits="750" branch="False" />
                <line number="196" hits="750" branch="False" />
                <line number="197" hits="290" branch="False" />
                <line number="198" hits="290" branch="True" condition-coverage="100% (2/2)">
                  <conditions>
                    <condition number="275" type="jump" coverage="100%" />
                  </conditions>
                </line>
                <line number="199" hits="75" branch="False" />
                <line number="200" hits="75" branch="False" />
                <line number="201" hits="75" branch="False" />
                <line number="203" hits="290" branch="False" />
                <line number="207" hits="460" branch="True" condition-coverage="100% (6/6)">
                  <conditions>
                    <condition number="299" type="jump" coverage="100%" />
                    <condition number="315" type="jump" coverage="100%" />
                    <condition number="338" type="jump" coverage="100%" />
                  </conditions>
                </line>
                <line number="208" hits="460" branch="False" />
                <line number="209" hits="460" branch="False" />
                <line number="210" hits="34" branch="False" />
                <line number="211" hits="34" branch="True" condition-coverage="100% (2/2)">
                  <conditions>
                    <condition number="355" type="jump" coverage="100%" />
                  </conditions>
                </line>
                <line number="212" hits="11" branch="False" />
                <line number="213" hits="11" branch="False" />
                <line number="214" hits="11" branch="False" />
                <line number="216" hits="34" branch="False" />
                <line number="219" hits="426" branch="False" />
                <line number="220" hits="426" branch="False" />
                <line number="223" hits="78" branch="False" />
                <line number="224" hits="78" branch="False" />
              </lines>
            </method>
            <method name="WriteSimpleProperty" signature="(System.Text.Json.Utf8JsonWriter,System.Object,System.String)" line-rate="0.9687" branch-rate="0.8845999999999999" complexity="26">
              <lines>
                <line number="227" hits="426" branch="False" />
                <line number="228" hits="426" branch="True" condition-coverage="93.75% (15/16)">
                  <conditions>
                    <condition number="28" type="jump" coverage="100%" />
                    <condition number="37" type="jump" coverage="100%" />
                    <condition number="58" type="jump" coverage="100%" />
                    <condition number="70" type="jump" coverage="100%" />
                    <condition number="92" type="jump" coverage="100%" />
                    <condition number="108" type="jump" coverage="100%" />
                    <condition number="124" type="jump" coverage="100%" />
                    <condition number="136" type="jump" coverage="50%" />
                  </conditions>
                </line>
                <line number="231" hits="21" branch="False" />
                <line number="232" hits="21" branch="False" />
                <line number="234" hits="2" branch="False" />
                <line number="235" hits="2" branch="False" />
                <line number="237" hits="286" branch="False" />
                <line number="238" hits="286" branch="False" />
                <line number="240" hits="19" branch="False" />
                <line number="241" hits="19" branch="False" />
                <line number="243" hits="71" branch="True" condition-coverage="100% (4/4)">
                  <conditions>
                    <condition number="271" type="jump" coverage="100%" />
                    <condition number="332" type="jump" coverage="100%" />
                  </conditions>
                </line>
                <line number="244" hits="71" branch="False" />
                <line number="246" hits="23" branch="True" condition-coverage="100% (2/2)">
                  <conditions>
                    <condition number="436" type="jump" coverage="100%" />
                  </conditions>
                </line>
                <line number="247" hits="10" branch="False" />
                <line number="248" hits="10" branch="False" />
                <line number="249" hits="10" branch="False" />
                <line number="250" hits="10" branch="False" />
                <line number="251" hits="10" branch="False" />
                <line number="252" hits="10" branch="False" />
                <line number="254" hits="23" branch="False" />
                <line number="256" hits="2" branch="True" condition-coverage="100% (2/2)">
                  <conditions>
                    <condition number="523" type="jump" coverage="100%" />
                  </conditions>
                </line>
                <line number="257" hits="1" branch="False" />
                <line number="258" hits="1" branch="False" />
                <line number="259" hits="1" branch="False" />
                <line number="260" hits="2" branch="False" />
                <line number="261" hits="1" branch="False" />
                <line number="262" hits="1" branch="False" />
                <line number="264" hits="2" branch="False" />
                <line number="266" hits="2" branch="False" />
                <line number="267" hits="2" branch="False" />
                <line number="269" hits="0" branch="True" condition-coverage="0% (0/2)">
                  <conditions>
                    <condition number="613" type="jump" coverage="0%" />
                  </conditions>
                </line>
                <line number="271" hits="426" branch="False" />
              </lines>
            </method>
            <method name="WriteReferencesToListItems" signature="(System.Text.Json.Utf8JsonWriter,System.Collections.IList,System.String)" line-rate="1" branch-rate="0.8332999999999999" complexity="6">
              <lines>
                <line number="274" hits="75" branch="False" />
                <line number="275" hits="75" branch="False" />
                <line number="276" hits="75" branch="False" />
                <line number="277" hits="389" branch="True" condition-coverage="100% (2/2)">
                  <conditions>
                    <condition number="76" type="jump" coverage="100%" />
                  </conditions>
                </line>
                <line number="278" hits="82" branch="False" />
                <line number="279" hits="82" branch="True" condition-coverage="100% (2/2)">
                  <conditions>
                    <condition number="40" type="jump" coverage="100%" />
                  </conditions>
                </line>
                <line number="280" hits="82" branch="False" />
                <line number="281" hits="82" branch="True" condition-coverage="50% (1/2)">
                  <conditions>
                    <condition number="51" type="jump" coverage="50%" />
                  </conditions>
                </line>
                <line number="282" hits="82" branch="False" />
                <line number="283" hits="82" branch="False" />
                <line number="285" hits="75" branch="False" />
                <line number="286" hits="75" branch="False" />
              </lines>
            </method>
            <method name="WriteReferencesToEnumValues" signature="(System.Text.Json.Utf8JsonWriter,System.Type,System.Collections.IList,System.String)" line-rate="1" branch-rate="1" complexity="4">
              <lines>
                <line number="290" hits="11" branch="False" />
                <line number="291" hits="11" branch="False" />
                <line number="292" hits="11" branch="False" />
                <line number="293" hits="63" branch="True" condition-coverage="100% (2/2)">
                  <conditions>
                    <condition number="65" type="jump" coverage="100%" />
                  </conditions>
                </line>
                <line number="294" hits="15" branch="False" />
                <line number="295" hits="15" branch="True" condition-coverage="100% (2/2)">
                  <conditions>
                    <condition number="40" type="jump" coverage="100%" />
                  </conditions>
                </line>
                <line number="296" hits="15" branch="False" />
                <line number="297" hits="15" branch="False" />
                <line number="298" hits="15" branch="False" />
                <line number="299" hits="15" branch="False" />
                <line number="301" hits="11" branch="False" />
                <line number="302" hits="11" branch="False" />
              </lines>
            </method>
            <method name="GetJsonElementNameFromPropertyAttribute" signature="(System.Reflection.PropertyInfo)" line-rate="1" branch-rate="1" complexity="8">
              <lines>
                <line number="306" hits="750" branch="False" />
                <line number="307" hits="750" branch="False" />
                <line number="308" hits="5952" branch="True" condition-coverage="100% (2/2)">
                  <conditions>
                    <condition number="201" type="jump" coverage="100%" />
                  </conditions>
                </line>
                <line number="309" hits="1851" branch="False" />
                <line number="310" hits="1851" branch="True" condition-coverage="100% (2/2)">
                  <conditions>
                    <condition number="44" type="jump" coverage="100%" />
                  </conditions>
                </line>
                <line number="311" hits="750" branch="False" />
                <line number="312" hits="750" branch="True" condition-coverage="100% (4/4)">
                  <conditions>
                    <condition number="55" type="jump" coverage="100%" />
                    <condition number="115" type="jump" coverage="100%" />
                  </conditions>
                </line>
                <line number="313" hits="750" branch="False" />
                <line number="314" hits="1851" branch="False" />
                <line number="316" hits="750" branch="False" />
                <line number="317" hits="750" branch="False" />
              </lines>
            </method>
            <method name="GetPropertyFromJsonElementName" signature="(System.Type,System.String)" line-rate="0.9166" branch-rate="0.9375" complexity="16">
              <lines>
                <line number="321" hits="16" branch="False" />
                <line number="322" hits="174" branch="True" condition-coverage="50% (1/2)">
                  <conditions>
                    <condition number="441" type="jump" coverage="50%" />
                  </conditions>
                </line>
                <line number="323" hits="71" branch="False" />
                <line number="324" hits="535" branch="True" condition-coverage="100% (2/2)">
                  <conditions>
                    <condition number="414" type="jump" coverage="100%" />
                  </conditions>
                </line>
                <line number="325" hits="169" branch="False" />
                <line number="326" hits="169" branch="True" condition-coverage="100% (12/12)">
                  <conditions>
                    <condition number="53" type="jump" coverage="100%" />
                    <condition number="130" type="jump" coverage="100%" />
                    <condition number="140" type="jump" coverage="100%" />
                    <condition number="219" type="jump" coverage="100%" />
                    <condition number="298" type="jump" coverage="100%" />
                    <condition number="399" type="jump" coverage="100%" />
                  </conditions>
                </line>
                <line number="327" hits="16" branch="False" />
                <line number="328" hits="16" branch="False" />
                <line number="330" hits="153" branch="False" />
                <line number="331" hits="55" branch="False" />
                <line number="333" hits="0" branch="False" />
                <line number="334" hits="16" branch="False" />
              </lines>
            </method>
          </methods>
          <lines>
            <line number="14" hits="4" branch="False" />
            <line number="15" hits="4" branch="False" />
            <line number="16" hits="4" branch="True" condition-coverage="50% (1/2)">
              <conditions>
                <condition number="25" type="jump" coverage="50%" />
              </conditions>
            </line>
            <line number="17" hits="0" branch="False" />
            <line number="18" hits="0" branch="True" condition-coverage="0% (0/2)">
              <conditions>
                <condition number="44" type="jump" coverage="0%" />
              </conditions>
            </line>
            <line number="21" hits="4" branch="False" />
            <line number="22" hits="46" branch="True" condition-coverage="100% (2/2)">
              <conditions>
                <condition number="1422" type="jump" coverage="100%" />
              </conditions>
            </line>
            <line number="23" hits="42" branch="True" condition-coverage="71.42% (5/7)">
              <conditions>
                <condition number="88" type="jump" coverage="50%" />
                <condition number="99" type="switch" coverage="80%" />
              </conditions>
            </line>
            <line number="26" hits="16" branch="False" />
            <line number="27" hits="16" branch="True" condition-coverage="50% (1/2)">
              <conditions>
                <condition number="140" type="jump" coverage="50%" />
              </conditions>
            </line>
            <line number="28" hits="0" branch="False" />
            <line number="29" hits="0" branch="False" />
            <line number="32" hits="16" branch="False" />
            <line number="33" hits="16" branch="True" condition-coverage="50% (1/2)">
              <conditions>
                <condition number="173" type="jump" coverage="50%" />
              </conditions>
            </line>
            <line number="34" hits="0" branch="False" />
            <line number="35" hits="0" branch="False" />
            <line number="36" hits="0" branch="False" />
            <line number="39" hits="16" branch="False" />
            <line number="42" hits="0" branch="True" condition-coverage="0% (0/2)">
              <conditions>
                <condition number="254" type="jump" coverage="0%" />
              </conditions>
            </line>
            <line number="45" hits="18" branch="False" />
            <line number="46" hits="18" branch="True" condition-coverage="50% (1/2)">
              <conditions>
                <condition number="295" type="jump" coverage="50%" />
              </conditions>
            </line>
            <line number="47" hits="0" branch="False" />
            <line number="48" hits="0" branch="False" />
            <line number="49" hits="0" branch="False" />
            <line number="52" hits="18" branch="True" condition-coverage="50% (1/2)">
              <conditions>
                <condition number="330" type="jump" coverage="50%" />
              </conditions>
            </line>
            <line number="53" hits="0" branch="False" />
            <line number="54" hits="0" branch="False" />
            <line number="57" hits="18" branch="True" condition-coverage="100% (2/2)">
              <conditions>
                <condition number="369" type="jump" coverage="100%" />
              </conditions>
            </line>
            <line number="58" hits="11" branch="False" />
            <line number="59" hits="11" branch="False" />
            <line number="60" hits="11" branch="False" />
            <line number="61" hits="7" branch="True" condition-coverage="100% (2/2)">
              <conditions>
                <condition number="418" type="jump" coverage="100%" />
              </conditions>
            </line>
            <line number="62" hits="1" branch="False" />
            <line number="63" hits="1" branch="False" />
            <line number="64" hits="1" branch="False" />
            <line number="65" hits="6" branch="True" condition-coverage="100% (2/2)">
              <conditions>
                <condition number="467" type="jump" coverage="100%" />
              </conditions>
            </line>
            <line number="66" hits="4" branch="False" />
            <line number="67" hits="4" branch="False" />
            <line number="68" hits="4" branch="True" condition-coverage="100% (2/2)">
              <conditions>
                <condition number="509" type="jump" coverage="100%" />
              </conditions>
            </line>
            <line number="69" hits="2" branch="False" />
            <line number="70" hits="2" branch="True" condition-coverage="50% (1/2)">
              <conditions>
                <condition number="543" type="jump" coverage="50%" />
              </conditions>
            </line>
            <line number="71" hits="0" branch="False" />
            <line number="72" hits="0" branch="False" />
            <line number="73" hits="0" branch="False" />
            <line number="76" hits="2" branch="False" />
            <line number="77" hits="2" branch="False" />
            <line number="78" hits="2" branch="True" condition-coverage="50% (1/2)">
              <conditions>
                <condition number="610" type="jump" coverage="50%" />
              </conditions>
            </line>
            <line number="79" hits="2" branch="False" />
            <line number="85" hits="2" branch="False" />
            <line number="86" hits="2" branch="False" />
            <line number="87" hits="2" branch="True" condition-coverage="50% (1/2)">
              <conditions>
                <condition number="642" type="jump" coverage="50%" />
              </conditions>
            </line>
            <line number="88" hits="0" branch="False" />
            <line number="89" hits="0" branch="False" />
            <line number="92" hits="2" branch="False" />
            <line number="93" hits="2" branch="True" condition-coverage="50% (1/2)">
              <conditions>
                <condition number="712" type="jump" coverage="50%" />
              </conditions>
            </line>
            <line number="94" hits="0" branch="False" />
            <line number="95" hits="0" branch="False" />
            <line number="98" hits="2" branch="False" />
            <line number="99" hits="2" branch="True" condition-coverage="50% (1/2)">
              <conditions>
                <condition number="752" type="jump" coverage="50%" />
              </conditions>
            </line>
            <line number="100" hits="0" branch="False" />
            <line number="101" hits="0" branch="False" />
            <line number="102" hits="0" branch="False" />
            <line number="105" hits="2" branch="False" />
            <line number="107" hits="2" branch="False" />
            <line number="108" hits="2" branch="True" condition-coverage="50% (1/2)">
              <conditions>
                <condition number="839" type="jump" coverage="50%" />
              </conditions>
            </line>
            <line number="109" hits="0" branch="False" />
            <line number="110" hits="0" branch="False" />
            <line number="113" hits="2" branch="False" />
            <line number="114" hits="2" branch="True" condition-coverage="50% (1/2)">
              <conditions>
                <condition number="936" type="jump" coverage="50%" />
              </conditions>
            </line>
            <line number="115" hits="0" branch="False" />
            <line number="116" hits="0" branch="False" />
            <line number="117" hits="0" branch="False" />
            <line number="120" hits="2" branch="False" />
            <line number="121" hits="2" branch="False" />
            <line number="123" hits="0" branch="False" />
            <line number="124" hits="0" branch="False" />
            <line number="126" hits="4" branch="False" />
            <line number="127" hits="2" branch="True" condition-coverage="100% (2/2)">
              <conditions>
                <condition number="1060" type="jump" coverage="100%" />
              </conditions>
            </line>
            <line number="128" hits="1" branch="False" />
            <line number="129" hits="1" branch="False" />
            <line number="130" hits="1" branch="False" />
            <line number="131" hits="1" branch="True" condition-coverage="50% (1/2)">
              <conditions>
                <condition number="1120" type="jump" coverage="50%" />
              </conditions>
            </line>
            <line number="132" hits="1" branch="False" />
            <line number="138" hits="1" branch="False" />
            <line number="139" hits="1" branch="False" />
            <line number="140" hits="1" branch="True" condition-coverage="50% (1/2)">
              <conditions>
                <condition number="1160" type="jump" coverage="50%" />
              </conditions>
            </line>
            <line number="141" hits="0" branch="False" />
            <line number="142" hits="0" branch="False" />
            <line number="143" hits="0" branch="False" />
            <line number="146" hits="1" branch="False" />
            <line number="147" hits="1" branch="False" />
            <line number="148" hits="1" branch="False" />
            <line number="149" hits="1" branch="False" />
            <line number="150" hits="1" branch="False" />
            <line number="152" hits="0" branch="False" />
            <line number="153" hits="0" branch="False" />
            <line number="154" hits="0" branch="False" />
            <line number="157" hits="18" branch="False" />
            <line number="159" hits="0" branch="False" />
            <line number="160" hits="0" branch="True" condition-coverage="0% (0/2)">
              <conditions>
                <condition number="1341" type="jump" coverage="0%" />
              </conditions>
            </line>
            <line number="161" hits="0" branch="False" />
            <line number="162" hits="0" branch="False" />
            <line number="165" hits="0" branch="False" />
            <line number="167" hits="0" branch="False" />
            <line number="170" hits="4" branch="False" />
            <line number="171" hits="4" branch="False" />
            <line number="174" hits="78" branch="False" />
            <line number="175" hits="78" branch="True" condition-coverage="50% (1/2)">
              <conditions>
                <condition number="30" type="jump" coverage="50%" />
              </conditions>
            </line>
            <line number="176" hits="0" branch="False" />
            <line number="177" hits="0" branch="False" />
            <line number="181" hits="78" branch="True" condition-coverage="100% (2/2)">
              <conditions>
                <condition number="66" type="jump" coverage="100%" />
              </conditions>
            </line>
            <line number="182" hits="1056" branch="False" />
            <line number="184" hits="78" branch="False" />
            <line number="186" hits="2712" branch="True" condition-coverage="100% (4/4)">
              <conditions>
                <condition number="113" type="jump" coverage="100%" />
                <condition number="399" type="jump" coverage="100%" />
              </conditions>
            </line>
            <line number="187" hits="750" branch="False" />
            <line number="188" hits="750" branch="False" />
            <line number="190" hits="750" branch="False" />
            <line number="191" hits="750" branch="False" />
            <line number="194" hits="750" branch="True" condition-coverage="100% (6/6)">
              <conditions>
                <condition number="209" type="jump" coverage="100%" />
                <condition number="235" type="jump" coverage="100%" />
                <condition number="258" type="jump" coverage="100%" />
              </conditions>
            </line>
            <line number="195" hits="750" branch="False" />
            <line number="196" hits="750" branch="False" />
            <line number="197" hits="290" branch="False" />
            <line number="198" hits="290" branch="True" condition-coverage="100% (2/2)">
              <conditions>
                <condition number="275" type="jump" coverage="100%" />
              </conditions>
            </line>
            <line number="199" hits="75" branch="False" />
            <line number="200" hits="75" branch="False" />
            <line number="201" hits="75" branch="False" />
            <line number="203" hits="290" branch="False" />
            <line number="207" hits="460" branch="True" condition-coverage="100% (6/6)">
              <conditions>
                <condition number="299" type="jump" coverage="100%" />
                <condition number="315" type="jump" coverage="100%" />
                <condition number="338" type="jump" coverage="100%" />
              </conditions>
            </line>
            <line number="208" hits="460" branch="False" />
            <line number="209" hits="460" branch="False" />
            <line number="210" hits="34" branch="False" />
            <line number="211" hits="34" branch="True" condition-coverage="100% (2/2)">
              <conditions>
                <condition number="355" type="jump" coverage="100%" />
              </conditions>
            </line>
            <line number="212" hits="11" branch="False" />
            <line number="213" hits="11" branch="False" />
            <line number="214" hits="11" branch="False" />
            <line number="216" hits="34" branch="False" />
            <line number="219" hits="426" branch="False" />
            <line number="220" hits="426" branch="False" />
            <line number="223" hits="78" branch="False" />
            <line number="224" hits="78" branch="False" />
            <line number="227" hits="426" branch="False" />
            <line number="228" hits="426" branch="True" condition-coverage="93.75% (15/16)">
              <conditions>
                <condition number="28" type="jump" coverage="100%" />
                <condition number="37" type="jump" coverage="100%" />
                <condition number="58" type="jump" coverage="100%" />
                <condition number="70" type="jump" coverage="100%" />
                <condition number="92" type="jump" coverage="100%" />
                <condition number="108" type="jump" coverage="100%" />
                <condition number="124" type="jump" coverage="100%" />
                <condition number="136" type="jump" coverage="50%" />
              </conditions>
            </line>
            <line number="231" hits="21" branch="False" />
            <line number="232" hits="21" branch="False" />
            <line number="234" hits="2" branch="False" />
            <line number="235" hits="2" branch="False" />
            <line number="237" hits="286" branch="False" />
            <line number="238" hits="286" branch="False" />
            <line number="240" hits="19" branch="False" />
            <line number="241" hits="19" branch="False" />
            <line number="243" hits="71" branch="True" condition-coverage="100% (4/4)">
              <conditions>
                <condition number="271" type="jump" coverage="100%" />
                <condition number="332" type="jump" coverage="100%" />
              </conditions>
            </line>
            <line number="244" hits="71" branch="False" />
            <line number="246" hits="23" branch="True" condition-coverage="100% (2/2)">
              <conditions>
                <condition number="436" type="jump" coverage="100%" />
              </conditions>
            </line>
            <line number="247" hits="10" branch="False" />
            <line number="248" hits="10" branch="False" />
            <line number="249" hits="10" branch="False" />
            <line number="250" hits="10" branch="False" />
            <line number="251" hits="10" branch="False" />
            <line number="252" hits="10" branch="False" />
            <line number="254" hits="23" branch="False" />
            <line number="256" hits="2" branch="True" condition-coverage="100% (2/2)">
              <conditions>
                <condition number="523" type="jump" coverage="100%" />
              </conditions>
            </line>
            <line number="257" hits="1" branch="False" />
            <line number="258" hits="1" branch="False" />
            <line number="259" hits="1" branch="False" />
            <line number="260" hits="2" branch="False" />
            <line number="261" hits="1" branch="False" />
            <line number="262" hits="1" branch="False" />
            <line number="264" hits="2" branch="False" />
            <line number="266" hits="2" branch="False" />
            <line number="267" hits="2" branch="False" />
            <line number="269" hits="0" branch="True" condition-coverage="0% (0/2)">
              <conditions>
                <condition number="613" type="jump" coverage="0%" />
              </conditions>
            </line>
            <line number="271" hits="426" branch="False" />
            <line number="274" hits="75" branch="False" />
            <line number="275" hits="75" branch="False" />
            <line number="276" hits="75" branch="False" />
            <line number="277" hits="389" branch="True" condition-coverage="100% (2/2)">
              <conditions>
                <condition number="76" type="jump" coverage="100%" />
              </conditions>
            </line>
            <line number="278" hits="82" branch="False" />
            <line number="279" hits="82" branch="True" condition-coverage="100% (2/2)">
              <conditions>
                <condition number="40" type="jump" coverage="100%" />
              </conditions>
            </line>
            <line number="280" hits="82" branch="False" />
            <line number="281" hits="82" branch="True" condition-coverage="50% (1/2)">
              <conditions>
                <condition number="51" type="jump" coverage="50%" />
              </conditions>
            </line>
            <line number="282" hits="82" branch="False" />
            <line number="283" hits="82" branch="False" />
            <line number="285" hits="75" branch="False" />
            <line number="286" hits="75" branch="False" />
            <line number="290" hits="11" branch="False" />
            <line number="291" hits="11" branch="False" />
            <line number="292" hits="11" branch="False" />
            <line number="293" hits="63" branch="True" condition-coverage="100% (2/2)">
              <conditions>
                <condition number="65" type="jump" coverage="100%" />
              </conditions>
            </line>
            <line number="294" hits="15" branch="False" />
            <line number="295" hits="15" branch="True" condition-coverage="100% (2/2)">
              <conditions>
                <condition number="40" type="jump" coverage="100%" />
              </conditions>
            </line>
            <line number="296" hits="15" branch="False" />
            <line number="297" hits="15" branch="False" />
            <line number="298" hits="15" branch="False" />
            <line number="299" hits="15" branch="False" />
            <line number="301" hits="11" branch="False" />
            <line number="302" hits="11" branch="False" />
            <line number="306" hits="750" branch="False" />
            <line number="307" hits="750" branch="False" />
            <line number="308" hits="5952" branch="True" condition-coverage="100% (2/2)">
              <conditions>
                <condition number="201" type="jump" coverage="100%" />
              </conditions>
            </line>
            <line number="309" hits="1851" branch="False" />
            <line number="310" hits="1851" branch="True" condition-coverage="100% (2/2)">
              <conditions>
                <condition number="44" type="jump" coverage="100%" />
              </conditions>
            </line>
            <line number="311" hits="750" branch="False" />
            <line number="312" hits="750" branch="True" condition-coverage="100% (4/4)">
              <conditions>
                <condition number="55" type="jump" coverage="100%" />
                <condition number="115" type="jump" coverage="100%" />
              </conditions>
            </line>
            <line number="313" hits="750" branch="False" />
            <line number="314" hits="1851" branch="False" />
            <line number="316" hits="750" branch="False" />
            <line number="317" hits="750" branch="False" />
            <line number="321" hits="16" branch="False" />
            <line number="322" hits="174" branch="True" condition-coverage="50% (1/2)">
              <conditions>
                <condition number="441" type="jump" coverage="50%" />
              </conditions>
            </line>
            <line number="323" hits="71" branch="False" />
            <line number="324" hits="535" branch="True" condition-coverage="100% (2/2)">
              <conditions>
                <condition number="414" type="jump" coverage="100%" />
              </conditions>
            </line>
            <line number="325" hits="169" branch="False" />
            <line number="326" hits="169" branch="True" condition-coverage="100% (12/12)">
              <conditions>
                <condition number="53" type="jump" coverage="100%" />
                <condition number="130" type="jump" coverage="100%" />
                <condition number="140" type="jump" coverage="100%" />
                <condition number="219" type="jump" coverage="100%" />
                <condition number="298" type="jump" coverage="100%" />
                <condition number="399" type="jump" coverage="100%" />
              </conditions>
            </line>
            <line number="327" hits="16" branch="False" />
            <line number="328" hits="16" branch="False" />
            <line number="330" hits="153" branch="False" />
            <line number="331" hits="55" branch="False" />
            <line number="333" hits="0" branch="False" />
            <line number="334" hits="16" branch="False" />
          </lines>
        </class>
        <class name="Spdx3.Serialization.SpdxModelConverterFactory" filename="Serialization/SpdxModelConverterFactory.cs" line-rate="1" branch-rate="1" complexity="2">
          <methods>
            <method name="CanConvert" signature="(System.Type)" line-rate="1" branch-rate="1" complexity="1">
              <lines>
                <line number="11" hits="405" branch="False" />
                <line number="12" hits="405" branch="False" />
                <line number="14" hits="405" branch="False" />
                <line number="15" hits="405" branch="False" />
              </lines>
            </method>
            <method name="CreateConverter" signature="(System.Type,System.Text.Json.JsonSerializerOptions)" line-rate="1" branch-rate="1" complexity="1">
              <lines>
                <line number="18" hits="189" branch="False" />
                <line number="19" hits="189" branch="False" />
                <line number="21" hits="189" branch="False" />
                <line number="22" hits="189" branch="False" />
                <line number="24" hits="189" branch="False" />
                <line number="25" hits="189" branch="False" />
                <line number="27" hits="189" branch="False" />
                <line number="28" hits="189" branch="False" />
              </lines>
            </method>
          </methods>
          <lines>
            <line number="11" hits="405" branch="False" />
            <line number="12" hits="405" branch="False" />
            <line number="14" hits="405" branch="False" />
            <line number="15" hits="405" branch="False" />
            <line number="18" hits="189" branch="False" />
            <line number="19" hits="189" branch="False" />
            <line number="21" hits="189" branch="False" />
            <line number="22" hits="189" branch="False" />
            <line number="24" hits="189" branch="False" />
            <line number="25" hits="189" branch="False" />
            <line number="27" hits="189" branch="False" />
            <line number="28" hits="189" branch="False" />
          </lines>
        </class>
        <class name="Spdx3.Serialization.SpdxWrapperConverter`1" filename="Serialization/SpdxWrapperConverter.cs" line-rate="0.7624" branch-rate="0.7820999999999999" complexity="101">
          <methods>
            <method name="Read" signature="(System.Text.Json.Utf8JsonReader&amp;,System.Type,System.Text.Json.JsonSerializerOptions)" line-rate="0.625" branch-rate="0.6285000000000001" complexity="35">
              <lines>
                <line number="16" hits="1" branch="False" />
                <line number="17" hits="1" branch="True" condition-coverage="50% (1/2)">
                  <conditions>
                    <condition number="28" type="jump" coverage="50%" />
                  </conditions>
                </line>
                <line number="18" hits="0" branch="False" />
                <line number="19" hits="0" branch="False" />
                <line number="22" hits="1" branch="False" />
                <line number="23" hits="1" branch="True" condition-coverage="50% (1/2)">
                  <conditions>
                    <condition number="124" type="jump" coverage="50%" />
                  </conditions>
                </line>
                <line number="24" hits="0" branch="False" />
                <line number="25" hits="0" branch="False" />
                <line number="30" hits="1" branch="False" />
                <line number="34" hits="1" branch="False" />
                <line number="36" hits="238" branch="True" condition-coverage="100% (2/2)">
                  <conditions>
                    <condition number="694" type="jump" coverage="100%" />
                  </conditions>
                </line>
                <line number="37" hits="237" branch="False" />
                <line number="38" hits="237" branch="True" condition-coverage="66.66% (6/9)">
                  <conditions>
                    <condition number="215" type="switch" coverage="66.66%" />
                  </conditions>
                </line>
                <line number="41" hits="95" branch="True" condition-coverage="100% (2/2)">
                  <conditions>
                    <condition number="270" type="jump" coverage="100%" />
                  </conditions>
                </line>
                <line number="42" hits="2" branch="False" />
                <line number="44" hits="2" branch="False" />
                <line number="47" hits="93" branch="False" />
                <line number="48" hits="93" branch="True" condition-coverage="50% (1/2)">
                  <conditions>
                    <condition number="293" type="jump" coverage="50%" />
                  </conditions>
                </line>
                <line number="49" hits="0" branch="False" />
                <line number="50" hits="0" branch="False" />
                <line number="53" hits="93" branch="False" />
                <line number="56" hits="97" branch="True" condition-coverage="100% (2/2)">
                  <conditions>
                    <condition number="325" type="jump" coverage="100%" />
                  </conditions>
                </line>
                <line number="57" hits="1" branch="False" />
                <line number="59" hits="1" branch="False" />
                <line number="62" hits="96" branch="False" />
                <line number="63" hits="96" branch="True" condition-coverage="50% (1/2)">
                  <conditions>
                    <condition number="349" type="jump" coverage="50%" />
                  </conditions>
                </line>
                <line number="64" hits="0" branch="False" />
                <line number="65" hits="0" branch="False" />
                <line number="66" hits="0" branch="False" />
                <line number="68" hits="96" branch="True" condition-coverage="50% (1/2)">
                  <conditions>
                    <condition number="379" type="jump" coverage="50%" />
                  </conditions>
                </line>
                <line number="69" hits="0" branch="False" />
                <line number="70" hits="0" branch="False" />
                <line number="73" hits="96" branch="False" />
                <line number="75" hits="96" branch="False" />
                <line number="78" hits="0" branch="True" condition-coverage="0% (0/2)">
                  <conditions>
                    <condition number="427" type="jump" coverage="0%" />
                  </conditions>
                </line>
                <line number="79" hits="0" branch="False" />
                <line number="81" hits="0" branch="False" />
                <line number="84" hits="0" branch="False" />
                <line number="85" hits="0" branch="True" condition-coverage="0% (0/2)">
                  <conditions>
                    <condition number="451" type="jump" coverage="0%" />
                  </conditions>
                </line>
[...]
              </conditions>
            </line>
            <line number="82" hits="1" branch="False" />
            <line number="83" hits="1" branch="False" />
            <line number="86" hits="10" branch="False" />
            <line number="87" hits="10" branch="False" />
            <line number="88" hits="10" branch="False" />
          </lines>
        </class>
        <class name="Spdx3.Model.Core.Classes.Relationship" filename="Model/Core/Classes/Relationship.cs" line-rate="1" branch-rate="1" complexity="10">
          <methods>
            <method name="get_From" signature="()" line-rate="1" branch-rate="1" complexity="1">
              <lines>
                <line number="18" hits="36" branch="False" />
              </lines>
            </method>
            <method name="get_To" signature="()" line-rate="1" branch-rate="1" complexity="1">
              <lines>
                <line number="22" hits="22" branch="False" />
              </lines>
            </method>
            <method name="get_RelationshipType" signature="()" line-rate="1" branch-rate="1" complexity="1">
              <lines>
                <line number="26" hits="21" branch="False" />
              </lines>
            </method>
            <method name="get_Completeness" signature="()" line-rate="1" branch-rate="1" complexity="1">
              <lines>
                <line number="30" hits="9" branch="False" />
              </lines>
            </method>
            <method name="get_StartTime" signature="()" line-rate="1" branch-rate="1" complexity="1">
              <lines>
                <line number="34" hits="9" branch="False" />
              </lines>
            </method>
            <method name="get_EndTime" signature="()" line-rate="1" branch-rate="1" complexity="1">
              <lines>
                <line number="38" hits="9" branch="False" />
              </lines>
            </method>
            <method name="Validate" signature="()" line-rate="1" branch-rate="1" complexity="2">
              <lines>
                <line number="63" hits="6" branch="False" />
                <line number="64" hits="6" branch="False" />
                <line number="65" hits="6" branch="False" />
                <line number="66" hits="5" branch="True" condition-coverage="100% (2/2)">
                  <conditions>
                    <condition number="36" type="jump" coverage="100%" />
                  </conditions>
                </line>
                <line number="67" hits="1" branch="False" />
                <line number="68" hits="1" branch="False" />
                <line number="71" hits="4" branch="False" />
                <line number="72" hits="4" branch="False" />
              </lines>
            </method>
            <method name=".ctor" signature="()" line-rate="1" branch-rate="1" complexity="1">
              <lines>
                <line number="41" hits="4" branch="False" />
                <line number="42" hits="4" branch="False" />
                <line number="43" hits="4" branch="False" />
              </lines>
            </method>
            <method name=".ctor" signature="(Spdx3.Utility.Catalog,Spdx3.Model.Core.Classes.CreationInfo,Spdx3.Model.Core.Enums.RelationshipType,Spdx3.Model.Core.Classes.Element,System.Collections.Generic.List`1&lt;Spdx3.Model.Core.Classes.Element&gt;)" line-rate="1" branch-rate="1" complexity="1">
              <lines>
                <line number="55" hits="7" branch="False" />
                <line number="56" hits="7" branch="False" />
                <line number="57" hits="7" branch="False" />
                <line number="58" hits="7" branch="False" />
                <line number="59" hits="7" branch="False" />
                <line number="60" hits="7" branch="False" />
              </lines>
            </method>
          </methods>
          <lines>
            <line number="18" hits="36" branch="False" />
            <line number="22" hits="22" branch="False" />
            <line number="26" hits="21" branch="False" />
            <line number="30" hits="9" branch="False" />
            <line number="34" hits="9" branch="False" />
            <line number="38" hits="9" branch="False" />
            <line number="63" hits="6" branch="False" />
            <line number="64" hits="6" branch="False" />
            <line number="65" hits="6" branch="False" />
            <line number="66" hits="5" branch="True" condition-coverage="100% (2/2)">
              <conditions>
                <condition number="36" type="jump" coverage="100%" />
              </conditions>
            </line>
            <line number="67" hits="1" branch="False" />
            <line number="68" hits="1" branch="False" />
            <line number="71" hits="4" branch="False" />
            <line number="72" hits="4" branch="False" />
            <line number="41" hits="4" branch="False" />
            <line number="42" hits="4" branch="False" />
            <line number="43" hits="4" branch="False" />
            <line number="55" hits="7" branch="False" />
            <line number="56" hits="7" branch="False" />
            <line number="57" hits="7" branch="False" />
            <line number="58" hits="7" branch="False" />
            <line number="59" hits="7" branch="False" />
            <line number="60" hits="7" branch="False" />
          </lines>
        </class>
        <class name="Spdx3.Model.Core.Classes.SoftwareAgent" filename="Model/Core/Classes/SoftwareAgent.cs" line-rate="0.5" branch-rate="1" complexity="2">
          <methods>
            <method name=".ctor" signature="()" line-rate="0" branch-rate="1" complexity="1">
              <lines>
                <line number="13" hits="0" branch="False" />
                <line number="14" hits="0" branch="False" />
                <line number="15" hits="0" branch="False" />
              </lines>
            </method>
            <method name=".ctor" signature="(Spdx3.Utility.Catalog,Spdx3.Model.Core.Classes.CreationInfo)" line-rate="1" branch-rate="1" complexity="1">
              <lines>
                <line number="18" hits="2" branch="False" />
                <line number="19" hits="2" branch="False" />
                <line number="20" hits="2" branch="False" />
              </lines>
            </method>
          </methods>
          <lines>
            <line number="13" hits="0" branch="False" />
            <line number="14" hits="0" branch="False" />
            <line number="15" hits="0" branch="False" />
            <line number="18" hits="2" branch="False" />
            <line number="19" hits="2" branch="False" />
            <line number="20" hits="2" branch="False" />
          </lines>
        </class>
        <class name="Spdx3.Model.Core.Classes.SpdxDocument" filename="Model/Core/Classes/SpdxDocument.cs" line-rate="1" branch-rate="1" complexity="5">
          <methods>
            <method name="get_Import" signature="()" line-rate="1" branch-rate="1" complexity="1">
              <lines>
                <line number="17" hits="15" branch="False" />
              </lines>
            </method>
            <method name="get_DataLicense" signature="()" line-rate="1" branch-rate="1" complexity="1">
              <lines>
                <line number="21" hits="9" branch="False" />
              </lines>
            </method>
            <method name="get_NamespaceMap" signature="()" line-rate="1" branch-rate="1" complexity="1">
              <lines>
                <line number="25" hits="15" branch="False" />
              </lines>
            </method>
            <method name=".ctor" signature="()" line-rate="1" branch-rate="1" complexity="1">
              <lines>
                <line number="28" hits="1" branch="False" />
                <line number="29" hits="1" branch="False" />
                <line number="30" hits="1" branch="False" />
              </lines>
            </method>
            <method name=".ctor" signature="(Spdx3.Utility.Catalog,Spdx3.Model.Core.Classes.CreationInfo)" line-rate="1" branch-rate="1" complexity="1">
              <lines>
                <line number="33" hits="5" branch="False" />
                <line number="34" hits="5" branch="False" />
                <line number="35" hits="5" branch="False" />
              </lines>
            </method>
          </methods>
          <lines>
            <line number="17" hits="15" branch="False" />
            <line number="21" hits="9" branch="False" />
            <line number="25" hits="15" branch="False" />
            <line number="28" hits="1" branch="False" />
            <line number="29" hits="1" branch="False" />
            <line number="30" hits="1" branch="False" />
            <line number="33" hits="5" branch="False" />
            <line number="34" hits="5" branch="False" />
            <line number="35" hits="5" branch="False" />
          </lines>
        </class>
        <class name="Spdx3.Model.Core.Classes.Tool" filename="Model/Core/Classes/Tool.cs" line-rate="0.5" branch-rate="1" complexity="2">
          <methods>
            <method name=".ctor" signature="()" line-rate="0" branch-rate="1" complexity="1">
              <lines>
                <line number="13" hits="0" branch="False" />
                <line number="14" hits="0" branch="False" />
                <line number="15" hits="0" branch="False" />
              </lines>
            </method>
            <method name=".ctor" signature="(Spdx3.Utility.Catalog,Spdx3.Model.Core.Classes.CreationInfo)" line-rate="1" branch-rate="1" complexity="1">
              <lines>
                <line number="18" hits="3" branch="False" />
                <line number="19" hits="3" branch="False" />
                <line number="20" hits="3" branch="False" />
              </lines>
            </method>
          </methods>
          <lines>
            <line number="13" hits="0" branch="False" />
            <line number="14" hits="0" branch="False" />
            <line number="15" hits="0" branch="False" />
            <line number="18" hits="3" branch="False" />
            <line number="19" hits="3" branch="False" />
            <line number="20" hits="3" branch="False" />
          </lines>
        </class>
        <class name="Spdx3.Model.Build.Classes.Build" filename="Model/Build/Classes/Build.cs" line-rate="0.85" branch-rate="1" complexity="12">
          <methods>
            <method name="get_BuildEndTime" signature="()" line-rate="1" branch-rate="1" complexity="1">
              <lines>
                <line number="13" hits="4" branch="False" />
              </lines>
            </method>
            <method name="get_BuildId" signature="()" line-rate="1" branch-rate="1" complexity="1">
              <lines>
                <line number="17" hits="4" branch="False" />
              </lines>
            </method>
            <method name="get_BuildStartTime" signature="()" line-rate="1" branch-rate="1" complexity="1">
              <lines>
                <line number="21" hits="4" branch="False" />
              </lines>
            </method>
            <method name="get_BuildType" signature="()" line-rate="1" branch-rate="1" complexity="1">
              <lines>
                <line number="25" hits="8" branch="False" />
              </lines>
            </method>
            <method name="get_ConfigSourceDigest" signature="()" line-rate="1" branch-rate="1" complexity="1">
              <lines>
                <line number="29" hits="7" branch="False" />
              </lines>
            </method>
            <method name="get_ConfigSourceEntrypoint" signature="()" line-rate="1" branch-rate="1" complexity="1">
              <lines>
                <line number="33" hits="7" branch="False" />
              </lines>
            </method>
            <method name="get_ConfigSourceUri" signature="()" line-rate="1" branch-rate="1" complexity="1">
              <lines>
                <line number="37" hits="7" branch="False" />
              </lines>
            </method>
            <method name="get_Environment" signature="()" line-rate="1" branch-rate="1" complexity="1">
              <lines>
                <line number="41" hits="7" branch="False" />
              </lines>
            </method>
            <method name="get_Parameter" signature="()" line-rate="1" branch-rate="1" complexity="1">
              <lines>
                <line number="45" hits="7" branch="False" />
              </lines>
            </method>
            <method name="Validate" signature="()" line-rate="1" branch-rate="1" complexity="1">
              <lines>
                <line number="59" hits="2" branch="False" />
                <line number="60" hits="2" branch="False" />
                <line number="61" hits="2" branch="False" />
                <line number="62" hits="2" branch="False" />
              </lines>
            </method>
            <method name=".ctor" signature="()" line-rate="0" branch-rate="1" complexity="1">
              <lines>
                <line number="48" hits="0" branch="False" />
                <line number="49" hits="0" branch="False" />
                <line number="50" hits="0" branch="False" />
              </lines>
            </method>
            <method name=".ctor" signature="(Spdx3.Utility.Catalog,Spdx3.Model.Core.Classes.CreationInfo,System.Uri)" line-rate="1" branch-rate="1" complexity="1">
              <lines>
                <line number="53" hits="2" branch="False" />
                <line number="54" hits="2" branch="False" />
                <line number="55" hits="2" branch="False" />
                <line number="56" hits="2" branch="False" />
              </lines>
            </method>
          </methods>
          <lines>
            <line number="13" hits="4" branch="False" />
            <line number="17" hits="4" branch="False" />
            <line number="21" hits="4" branch="False" />
            <line number="25" hits="8" branch="False" />
            <line number="29" hits="7" branch="False" />
            <line number="33" hits="7" branch="False" />
            <line number="37" hits="7" branch="False" />
            <line number="41" hits="7" branch="False" />
            <line number="45" hits="7" branch="False" />
            <line number="59" hits="2" branch="False" />
            <line number="60" hits="2" branch="False" />
            <line number="61" hits="2" branch="False" />
            <line number="62" hits="2" branch="False" />
            <line number="48" hits="0" branch="False" />
            <line number="49" hits="0" branch="False" />
            <line number="50" hits="0" branch="False" />
            <line number="53" hits="2" branch="False" />
            <line number="54" hits="2" branch="False" />
            <line number="55" hits="2" branch="False" />
            <line number="56" hits="2" branch="False" />
          </lines>
        </class>
        <class name="Spdx3.Exceptions.Spdx3Exception" filename="Exceptions/Spdx3Exception.cs" line-rate="1" branch-rate="1" complexity="4">
          <methods>
            <method name=".ctor" signature="(System.String)" line-rate="1" branch-rate="1" complexity="2">
              <lines>
                <line number="8" hits="36" branch="False" />
                <line number="9" hits="36" branch="False" />
                <line number="10" hits="36" branch="True" condition-coverage="100% (2/2)">
                  <conditions>
                    <condition number="17" type="jump" coverage="100%" />
                  </conditions>
                </line>
                <line number="11" hits="1" branch="False" />
                <line number="12" hits="1" branch="False" />
                <line number="14" hits="35" branch="False" />
              </lines>
            </method>
            <method name=".ctor" signature="(System.String,System.Exception)" line-rate="1" branch-rate="1" complexity="2">
              <lines>
                <line number="16" hits="8" branch="False" />
                <line number="17" hits="8" branch="False" />
                <line number="18" hits="8" branch="True" condition-coverage="100% (2/2)">
                  <conditions>
                    <condition number="15" type="jump" coverage="100%" />
                  </conditions>
                </line>
                <line number="19" hits="1" branch="False" />
                <line number="20" hits="1" branch="False" />
                <line number="22" hits="7" branch="False" />
              </lines>
            </method>
          </methods>
          <lines>
            <line number="8" hits="36" branch="False" />
            <line number="9" hits="36" branch="False" />
            <line number="10" hits="36" branch="True" condition-coverage="100% (2/2)">
              <conditions>
                <condition number="17" type="jump" coverage="100%" />
              </conditions>
            </line>
            <line number="11" hits="1" branch="False" />
            <line number="12" hits="1" branch="False" />
            <line number="14" hits="35" branch="False" />
            <line number="16" hits="8" branch="False" />
            <line number="17" hits="8" branch="False" />
            <line number="18" hits="8" branch="True" condition-coverage="100% (2/2)">
              <conditions>
                <condition number="15" type="jump" coverage="100%" />
              </conditions>
            </line>
            <line number="19" hits="1" branch="False" />
            <line number="20" hits="1" branch="False" />
            <line number="22" hits="7" branch="False" />
          </lines>
        </class>
        <class name="Spdx3.Exceptions.Spdx3SerializationException" filename="Exceptions/Spdx3SerializationException.cs" line-rate="0" branch-rate="1" complexity="1">
          <methods>
            <method name=".ctor" signature="(System.String)" line-rate="0" branch-rate="1" complexity="1">
              <lines>
                <line number="5" hits="0" branch="False" />
                <line number="6" hits="0" branch="False" />
                <line number="7" hits="0" branch="False" />
              </lines>
            </method>
          </methods>
          <lines>
            <line number="5" hits="0" branch="False" />
            <line number="6" hits="0" branch="False" />
            <line number="7" hits="0" branch="False" />
          </lines>
        </class>
        <class name="Spdx3.Exceptions.Spdx3ValidationException" filename="Exceptions/Spdx3ValidationException.cs" line-rate="1" branch-rate="1" complexity="2">
          <methods>
            <method name="FormatMessage" signature="(Spdx3.Model.BaseModelClass,System.String,System.String)" line-rate="1" branch-rate="1" complexity="1">
              <lines>
                <line number="10" hits="22" branch="False" />
                <line number="11" hits="22" branch="False" />
                <line number="12" hits="22" branch="False" />
              </lines>
            </method>
            <method name=".ctor" signature="(Spdx3.Model.BaseModelClass,System.String,System.String)" line-rate="1" branch-rate="1" complexity="1">
              <lines>
                <line number="5" hits="22" branch="False" />
                <line number="6" hits="22" branch="False" />
                <line number="7" hits="22" branch="False" />
              </lines>
            </method>
          </methods>
          <lines>
            <line number="10" hits="22" branch="False" />
            <line number="11" hits="22" branch="False" />
            <line number="12" hits="22" branch="False" />
            <line number="5" hits="22" branch="False" />
            <line number="6" hits="22" branch="False" />
            <line number="7" hits="22" branch="False" />
          </lines>
        </class>
      </classes>
    </package>
  </packages>
</coverage>