<?xml version="1.0" encoding="utf-8"?>
<coverage line-rate="0.9468000000000001" branch-rate="0.8656" version="1.9" timestamp="1743956675" lines-covered="1533" lines-valid="1619" branches-covered="348" branches-valid="402">
  <sources>
    <source>/home/runner/work/Spdx3/Spdx3/Spdx3/</source>
  </sources>
  <packages>
    <package name="Spdx3" line-rate="0.9468000000000001" branch-rate="0.8656" complexity="778">
      <classes>
        <class name="Spdx3.Utility.Catalog" filename="Utility/Catalog.cs" line-rate="0.9245" branch-rate="0.875" complexity="21">
          <methods>
            <method name="get_Items" signature="()" line-rate="1" branch-rate="1" complexity="1">
              <lines>
                <line number="18" hits="1157" branch="False" />
              </lines>
            </method>
            <method name="NewId" signature="(System.Type)" line-rate="1" branch-rate="1" complexity="1">
              <lines>
                <line number="27" hits="829" branch="False" />
                <line number="28" hits="829" branch="False" />
                <line number="29" hits="829" branch="False" />
              </lines>
            </method>
            <method name="GetSpdxDocument" signature="()" line-rate="0.75" branch-rate="0.5" complexity="2">
              <lines>
                <line number="37" hits="2" branch="False" />
                <line number="38" hits="46" branch="False" />
                <line number="39" hits="2" branch="True" condition-coverage="50% (1/2)">
                  <conditions>
                    <condition number="73" type="jump" coverage="50%" />
                  </conditions>
                </line>
                <line number="40" hits="0" branch="False" />
                <line number="41" hits="0" branch="False" />
                <line number="44" hits="2" branch="False" />
                <line number="45" hits="2" branch="False" />
                <line number="46" hits="2" branch="False" />
              </lines>
            </method>
            <method name="GetModel" signature="()" line-rate="1" branch-rate="1" complexity="1">
              <lines>
                <line number="54" hits="3" branch="False" />
                <line number="55" hits="3" branch="False" />
                <line number="56" hits="2" branch="False" />
                <line number="57" hits="2" branch="False" />
              </lines>
            </method>
            <method name="GetShortUid" signature="()" line-rate="1" branch-rate="1" complexity="1">
              <lines>
                <line number="60" hits="829" branch="False" />
                <line number="62" hits="829" branch="False" />
                <line number="63" hits="829" branch="False" />
              </lines>
            </method>
            <method name="AssembleSpdxDocument" signature="()" line-rate="1" branch-rate="1" complexity="4">
              <lines>
                <line number="71" hits="2" branch="False" />
                <line number="72" hits="2" branch="False" />
                <line number="73" hits="94" branch="True" condition-coverage="100% (2/2)">
                  <conditions>
                    <condition number="82" type="jump" coverage="100%" />
                  </conditions>
                </line>
                <line number="74" hits="44" branch="False" />
                <line number="75" hits="44" branch="True" condition-coverage="100% (2/2)">
                  <conditions>
                    <condition number="57" type="jump" coverage="100%" />
                  </conditions>
                </line>
                <line number="76" hits="34" branch="False" />
                <line number="77" hits="34" branch="False" />
                <line number="78" hits="34" branch="False" />
                <line number="79" hits="44" branch="False" />
                <line number="81" hits="2" branch="False" />
                <line number="82" hits="2" branch="False" />
              </lines>
            </method>
            <method name="ReplacePlaceHoldersWithRealObjects" signature="()" line-rate="1" branch-rate="1" complexity="6">
              <lines>
                <line number="88" hits="3" branch="False" />
                <line number="89" hits="100" branch="True" condition-coverage="100% (2/2)">
                  <conditions>
                    <condition number="144" type="jump" coverage="100%" />
                  </conditions>
                </line>
                <line number="90" hits="46" branch="False" />
                <line number="92" hits="46" branch="False" />
                <line number="93" hits="716" branch="True" condition-coverage="100% (2/2)">
                  <conditions>
                    <condition number="12" type="jump" coverage="100%" />
                  </conditions>
                </line>
                <line number="94" hits="241" branch="True" condition-coverage="100% (2/2)">
                  <conditions>
                    <condition number="121" type="jump" coverage="100%" />
                  </conditions>
                </line>
                <line number="95" hits="52" branch="False" />
                <line number="96" hits="52" branch="False" />
                <line number="97" hits="51" branch="False" />
                <line number="98" hits="45" branch="False" />
                <line number="99" hits="2" branch="False" />
              </lines>
            </method>
            <method name="RehydratePlaceHolderWithRealItem" signature="(System.Reflection.PropertyInfo,Spdx3.Model.BaseModelClass)" line-rate="0.8181" branch-rate="0.75" complexity="4">
              <lines>
                <line number="108" hits="52" branch="False" />
                <line number="109" hits="52" branch="False" />
                <line number="110" hits="52" branch="True" condition-coverage="50% (1/2)">
                  <conditions>
                    <condition number="29" type="jump" coverage="50%" />
                  </conditions>
                </line>
                <line number="111" hits="0" branch="False" />
                <line number="112" hits="0" branch="False" />
                <line number="115" hits="52" branch="False" />
                <line number="117" hits="52" branch="True" condition-coverage="100% (2/2)">
                  <conditions>
                    <condition number="73" type="jump" coverage="100%" />
                  </conditions>
                </line>
                <line number="119" hits="1" branch="False" />
                <line number="120" hits="1" branch="False" />
                <line number="123" hits="51" branch="False" />
                <line number="124" hits="51" branch="False" />
              </lines>
            </method>
            <method name=".ctor" signature="()" line-rate="1" branch-rate="1" complexity="1">
              <lines>
                <line number="15" hits="212" branch="False" />
              </lines>
            </method>
          </methods>
          <lines>
            <line number="18" hits="1157" branch="False" />
            <line number="27" hits="829" branch="False" />
            <line number="28" hits="829" branch="False" />
            <line number="29" hits="829" branch="False" />
            <line number="37" hits="2" branch="False" />
            <line number="38" hits="46" branch="False" />
            <line number="39" hits="2" branch="True" condition-coverage="50% (1/2)">
              <conditions>
                <condition number="73" type="jump" coverage="50%" />
              </conditions>
            </line>
            <line number="40" hits="0" branch="False" />
            <line number="41" hits="0" branch="False" />
            <line number="44" hits="2" branch="False" />
            <line number="45" hits="2" branch="False" />
            <line number="46" hits="2" branch="False" />
            <line number="54" hits="3" branch="False" />
            <line number="55" hits="3" branch="False" />
            <line number="56" hits="2" branch="False" />
            <line number="57" hits="2" branch="False" />
            <line number="60" hits="829" branch="False" />
            <line number="62" hits="829" branch="False" />
            <line number="63" hits="829" branch="False" />
            <line number="71" hits="2" branch="False" />
            <line number="72" hits="2" branch="False" />
            <line number="73" hits="94" branch="True" condition-coverage="100% (2/2)">
              <conditions>
                <condition number="82" type="jump" coverage="100%" />
              </conditions>
            </line>
            <line number="74" hits="44" branch="False" />
            <line number="75" hits="44" branch="True" condition-coverage="100% (2/2)">
              <conditions>
                <condition number="57" type="jump" coverage="100%" />
              </conditions>
            </line>
            <line number="76" hits="34" branch="False" />
            <line number="77" hits="34" branch="False" />
            <line number="78" hits="34" branch="False" />
            <line number="79" hits="44" branch="False" />
            <line number="81" hits="2" branch="False" />
            <line number="82" hits="2" branch="False" />
            <line number="88" hits="3" branch="False" />
            <line number="89" hits="100" branch="True" condition-coverage="100% (2/2)">
              <conditions>
                <condition number="144" type="jump" coverage="100%" />
              </conditions>
            </line>
            <line number="90" hits="46" branch="False" />
            <line number="92" hits="46" branch="False" />
            <line number="93" hits="716" branch="True" condition-coverage="100% (2/2)">
              <conditions>
                <condition number="12" type="jump" coverage="100%" />
              </conditions>
            </line>
            <line number="94" hits="241" branch="True" condition-coverage="100% (2/2)">
              <conditions>
                <condition number="121" type="jump" coverage="100%" />
              </conditions>
            </line>
            <line number="95" hits="52" branch="False" />
            <line number="96" hits="52" branch="False" />
            <line number="97" hits="51" branch="False" />
            <line number="98" hits="45" branch="False" />
            <line number="99" hits="2" branch="False" />
            <line number="108" hits="52" branch="False" />
            <line number="109" hits="52" branch="False" />
            <line number="110" hits="52" branch="True" condition-coverage="50% (1/2)">
              <conditions>
                <condition number="29" type="jump" coverage="50%" />
              </conditions>
            </line>
            <line number="111" hits="0" branch="False" />
            <line number="112" hits="0" branch="False" />
            <line number="115" hits="52" branch="False" />
            <line number="117" hits="52" branch="True" condition-coverage="100% (2/2)">
              <conditions>
                <condition number="73" type="jump" coverage="100%" />
              </conditions>
            </line>
            <line number="119" hits="1" branch="False" />
            <line number="120" hits="1" branch="False" />
            <line number="123" hits="51" branch="False" />
            <line number="124" hits="51" branch="False" />
            <line number="15" hits="212" branch="False" />
          </lines>
        </class>
        <class name="Spdx3.Utility.IncompleteObjectFactory" filename="Utility/IncompleteObjectFactory.cs" line-rate="1" branch-rate="0.5" complexity="2">
          <methods>
            <method name="Create" signature="()" line-rate="1" branch-rate="0.5" complexity="2">
              <lines>
                <line number="14" hits="39" branch="False" />
                <line number="15" hits="39" branch="True" condition-coverage="50% (1/2)">
                  <conditions>
                    <condition number="33" type="jump" coverage="50%" />
                  </conditions>
                </line>
                <line number="16" hits="39" branch="False" />
              </lines>
            </method>
          </methods>
          <lines>
            <line number="14" hits="39" branch="False" />
            <line number="15" hits="39" branch="True" condition-coverage="50% (1/2)">
              <conditions>
                <condition number="33" type="jump" coverage="50%" />
              </conditions>
            </line>
            <line number="16" hits="39" branch="False" />
          </lines>
        </class>
        <class name="Spdx3.Utility.Naming" filename="Utility/Naming.cs" line-rate="0.9729000000000001" branch-rate="0.9444" complexity="19">
          <methods>
            <method name="SpdxTypeForClass" signature="(System.Type)" line-rate="1" branch-rate="1" complexity="8">
              <lines>
                <line number="23" hits="908" branch="False" />
                <line number="24" hits="908" branch="True" condition-coverage="100% (2/2)">
                  <conditions>
                    <condition number="30" type="jump" coverage="100%" />
                  </conditions>
                </line>
                <line number="25" hits="1" branch="False" />
                <line number="26" hits="1" branch="False" />
                <line number="29" hits="3627" branch="True" condition-coverage="100% (4/4)">
                  <conditions>
                    <condition number="78" type="jump" coverage="100%" />
                    <condition number="162" type="jump" coverage="100%" />
                  </conditions>
                </line>
                <line number="30" hits="1708" branch="True" condition-coverage="100% (2/2)">
                  <conditions>
                    <condition number="27" type="jump" coverage="100%" />
                  </conditions>
                </line>
                <line number="31" hits="1708" branch="False" />
                <line number="32" hits="907" branch="False" />
                <line number="34" hits="906" branch="False" />
                <line number="35" hits="906" branch="False" />
                <line number="38" hits="1" branch="False" />
                <line number="39" hits="906" branch="False" />
              </lines>
            </method>
            <method name="ClassNameForSpdxType" signature="(System.Collections.Generic.Dictionary`2&lt;System.String,System.Object&gt;)" line-rate="0.909" branch-rate="0.9" complexity="10">
              <lines>
                <line number="42" hits="50" branch="False" />
                <line number="43" hits="50" branch="True" condition-coverage="100% (2/2)">
                  <conditions>
                    <condition number="20" type="jump" coverage="100%" />
                  </conditions>
                </line>
                <line number="44" hits="50" branch="True" condition-coverage="100% (2/2)">
                  <conditions>
                    <condition number="67" type="jump" coverage="100%" />
                  </conditions>
                </line>
                <line number="45" hits="39" branch="False" />
                <line number="46" hits="39" branch="False" />
                <line number="49" hits="44" branch="True" condition-coverage="75% (3/4)">
                  <conditions>
                    <condition number="105" type="jump" coverage="100%" />
                    <condition number="225" type="jump" coverage="50%" />
                  </conditions>
                </line>
                <line number="50" hits="65" branch="True" condition-coverage="100% (2/2)">
                  <conditions>
                    <condition number="12" type="jump" coverage="100%" />
                  </conditions>
                </line>
                <line number="51" hits="11" branch="False" />
                <line number="52" hits="11" branch="False" />
                <line number="55" hits="0" branch="False" />
                <line number="56" hits="50" branch="False" />
              </lines>
            </method>
            <method name=".cctor" signature="()" line-rate="1" branch-rate="1" complexity="1">
              <lines>
                <line number="7" hits="1" branch="False" />
                <line number="8" hits="1" branch="False" />
                <line number="9" hits="1" branch="False" />
                <line number="10" hits="1" branch="False" />
                <line number="11" hits="1" branch="False" />
                <line number="12" hits="1" branch="False" />
                <line number="13" hits="1" branch="False" />
                <line number="14" hits="1" branch="False" />
                <line number="15" hits="1" branch="False" />
                <line number="16" hits="1" branch="False" />
                <line number="17" hits="1" branch="False" />
                <line number="18" hits="1" branch="False" />
                <line number="19" hits="1" branch="False" />
                <line number="20" hits="1" branch="False" />
              </lines>
            </method>
          </methods>
          <lines>
            <line number="23" hits="908" branch="False" />
            <line number="24" hits="908" branch="True" condition-coverage="100% (2/2)">
              <conditions>
                <condition number="30" type="jump" coverage="100%" />
              </conditions>
            </line>
            <line number="25" hits="1" branch="False" />
            <line number="26" hits="1" branch="False" />
            <line number="29" hits="3627" branch="True" condition-coverage="100% (4/4)">
              <conditions>
                <condition number="78" type="jump" coverage="100%" />
                <condition number="162" type="jump" coverage="100%" />
              </conditions>
            </line>
            <line number="30" hits="1708" branch="True" condition-coverage="100% (2/2)">
              <conditions>
                <condition number="27" type="jump" coverage="100%" />
              </conditions>
            </line>
            <line number="31" hits="1708" branch="False" />
            <line number="32" hits="907" branch="False" />
            <line number="34" hits="906" branch="False" />
            <line number="35" hits="906" branch="False" />
            <line number="38" hits="1" branch="False" />
            <line number="39" hits="906" branch="False" />
            <line number="42" hits="50" branch="False" />
            <line number="43" hits="50" branch="True" condition-coverage="100% (2/2)">
              <conditions>
                <condition number="20" type="jump" coverage="100%" />
              </conditions>
            </line>
            <line number="44" hits="50" branch="True" condition-coverage="100% (2/2)">
              <conditions>
                <condition number="67" type="jump" coverage="100%" />
              </conditions>
            </line>
            <line number="45" hits="39" branch="False" />
            <line number="46" hits="39" branch="False" />
            <line number="49" hits="44" branch="True" condition-coverage="75% (3/4)">
              <conditions>
                <condition number="105" type="jump" coverage="100%" />
                <condition number="225" type="jump" coverage="50%" />
              </conditions>
            </line>
            <line number="50" hits="65" branch="True" condition-coverage="100% (2/2)">
              <conditions>
                <condition number="12" type="jump" coverage="100%" />
              </conditions>
            </line>
            <line number="51" hits="11" branch="False" />
            <line number="52" hits="11" branch="False" />
            <line number="55" hits="0" branch="False" />
            <line number="56" hits="50" branch="False" />
            <line number="7" hits="1" branch="False" />
            <line number="8" hits="1" branch="False" />
            <line number="9" hits="1" branch="False" />
            <line number="10" hits="1" branch="False" />
            <line number="11" hits="1" branch="False" />
            <line number="12" hits="1" branch="False" />
            <line number="13" hits="1" branch="False" />
            <line number="14" hits="1" branch="False" />
            <line number="15" hits="1" branch="False" />
            <line number="16" hits="1" branch="False" />
            <line number="17" hits="1" branch="False" />
            <line number="18" hits="1" branch="False" />
            <line number="19" hits="1" branch="False" />
            <line number="20" hits="1" branch="False" />
          </lines>
        </class>
        <class name="Spdx3.Serialization.Reader" filename="Serialization/Reader.cs" line-rate="0.9333" branch-rate="0.75" complexity="8">
          <methods>
            <method name="get_Options" signature="()" line-rate="1" branch-rate="1" complexity="1">
              <lines>
                <line number="18" hits="32" branch="False" />
              </lines>
            </method>
            <method name="ReadString" signature="(System.String)" line-rate="0.8181" branch-rate="0.75" complexity="4">
              <lines>
                <line number="36" hits="8" branch="False" />
                <line number="37" hits="8" branch="False" />
                <line number="38" hits="3" branch="True" condition-coverage="50% (1/2)">
                  <conditions>
                    <condition number="20" type="jump" coverage="50%" />
                  </conditions>
                </line>
                <line number="39" hits="0" branch="False" />
                <line number="40" hits="0" branch="False" />
                <line number="43" hits="101" branch="True" condition-coverage="100% (2/2)">
                  <conditions>
                    <condition number="88" type="jump" coverage="100%" />
                  </conditions>
                </line>
                <line number="44" hits="46" branch="False" />
                <line number="45" hits="46" branch="False" />
                <line number="46" hits="46" branch="False" />
                <line number="48" hits="3" branch="False" />
                <line number="49" hits="2" branch="False" />
              </lines>
            </method>
            <method name="ReadFileStream" signature="(System.IO.FileStream)" line-rate="1" branch-rate="1" complexity="1">
              <lines>
                <line number="52" hits="1" branch="False" />
                <line number="53" hits="1" branch="False" />
                <line number="54" hits="1" branch="False" />
                <line number="55" hits="1" branch="False" />
              </lines>
            </method>
            <method name="ReadFileName" signature="(System.String)" line-rate="1" branch-rate="1" complexity="1">
              <lines>
                <line number="58" hits="1" branch="False" />
                <line number="59" hits="1" branch="False" />
                <line number="60" hits="1" branch="False" />
                <line number="61" hits="1" branch="False" />
              </lines>
            </method>
            <method name=".ctor" signature="(Spdx3.Utility.Catalog)" line-rate="1" branch-rate="1" complexity="1">
              <lines>
                <line number="19" hits="8" branch="False" />
                <line number="20" hits="8" branch="False" />
                <line number="21" hits="8" branch="False" />
                <line number="22" hits="8" branch="False" />
                <line number="28" hits="8" branch="False" />
                <line number="29" hits="8" branch="False" />
                <line number="30" hits="8" branch="False" />
                <line number="31" hits="8" branch="False" />
                <line number="32" hits="8" branch="False" />
                <line number="33" hits="8" branch="False" />
              </lines>
            </method>
          </methods>
          <lines>
            <line number="18" hits="32" branch="False" />
            <line number="36" hits="8" branch="False" />
            <line number="37" hits="8" branch="False" />
            <line number="38" hits="3" branch="True" condition-coverage="50% (1/2)">
              <conditions>
                <condition number="20" type="jump" coverage="50%" />
              </conditions>
            </line>
            <line number="39" hits="0" branch="False" />
            <line number="40" hits="0" branch="False" />
            <line number="43" hits="101" branch="True" condition-coverage="100% (2/2)">
              <conditions>
                <condition number="88" type="jump" coverage="100%" />
              </conditions>
            </line>
            <line number="44" hits="46" branch="False" />
            <line number="45" hits="46" branch="False" />
            <line number="46" hits="46" branch="False" />
            <line number="48" hits="3" branch="False" />
            <line number="49" hits="2" branch="False" />
            <line number="52" hits="1" branch="False" />
            <line number="53" hits="1" branch="False" />
            <line number="54" hits="1" branch="False" />
            <line number="55" hits="1" branch="False" />
            <line number="58" hits="1" branch="False" />
            <line number="59" hits="1" branch="False" />
            <line number="60" hits="1" branch="False" />
            <line number="61" hits="1" branch="False" />
            <line number="19" hits="8" branch="False" />
            <line number="20" hits="8" branch="False" />
            <line number="21" hits="8" branch="False" />
            <line number="22" hits="8" branch="False" />
            <line number="28" hits="8" branch="False" />
            <line number="29" hits="8" branch="False" />
            <line number="30" hits="8" branch="False" />
            <line number="31" hits="8" branch="False" />
            <line number="32" hits="8" branch="False" />
            <line number="33" hits="8" branch="False" />
          </lines>
        </class>
        <class name="Spdx3.Serialization.SpdxModelConverter`1" filename="Serialization/SpdxModelConverter.cs" line-rate="0.9594" branch-rate="0.9007" complexity="141">
          <methods>
            <method name="Read" signature="(System.Text.Json.Utf8JsonReader&amp;,System.Type,System.Text.Json.JsonSerializerOptions)" line-rate="1" branch-rate="0.8" complexity="15">
              <lines>
                <line number="24" hits="28" branch="False" />
                <line number="25" hits="28" branch="True" condition-coverage="50% (1/2)">
                  <conditions>
                    <condition number="20" type="jump" coverage="50%" />
                  </conditions>
                </line>
                <line number="26" hits="28" branch="False" />
                <line number="29" hits="28" branch="False" />
                <line number="31" hits="229" branch="True" condition-coverage="100% (2/2)">
                  <conditions>
                    <condition number="306" type="jump" coverage="100%" />
                  </conditions>
                </line>
                <line number="32" hits="205" branch="False" />
                <line number="33" hits="205" branch="True" condition-coverage="100% (5/5)">
                  <conditions>
                    <condition number="115" type="switch" coverage="100%" />
                  </conditions>
                </line>
                <line number="36" hits="84" branch="True" condition-coverage="50% (1/2)">
                  <conditions>
                    <condition number="148" type="jump" coverage="50%" />
                  </conditions>
                </line>
                <line number="37" hits="84" branch="False" />
                <line number="38" hits="84" branch="False" />
                <line number="39" hits="84" branch="False" />
                <line number="42" hits="75" branch="True" condition-coverage="50% (1/2)">
                  <conditions>
                    <condition number="190" type="jump" coverage="50%" />
                  </conditions>
                </line>
                <line number="43" hits="75" branch="False" />
                <line number="45" hits="75" branch="False" />
                <line number="47" hits="14" branch="True" condition-coverage="100% (2/2)">
                  <conditions>
                    <condition number="237" type="jump" coverage="100%" />
                  </conditions>
                </line>
                <line number="48" hits="1" branch="False" />
                <line number="49" hits="1" branch="False" />
                <line number="50" hits="1" branch="False" />
                <line number="52" hits="13" branch="False" />
                <line number="53" hits="13" branch="False" />
                <line number="54" hits="9" branch="False" />
                <line number="56" hits="10" branch="False" />
                <line number="58" hits="201" branch="False" />
                <line number="60" hits="24" branch="False" />
                <line number="61" hits="24" branch="False" />
              </lines>
            </method>
            <method name="LoadJsonStringIntoProperty" signature="(System.Object,System.Reflection.PropertyInfo,System.String)" line-rate="0.9428" branch-rate="0.8571" complexity="14">
              <lines>
                <line number="72" hits="75" branch="False" />
                <line number="73" hits="75" branch="True" condition-coverage="50% (1/2)">
                  <conditions>
                    <condition number="24" type="jump" coverage="50%" />
                  </conditions>
                </line>
                <line number="75" hits="75" branch="True" condition-coverage="100% (2/2)">
                  <conditions>
                    <condition number="82" type="jump" coverage="100%" />
                  </conditions>
                </line>
                <line number="76" hits="24" branch="False" />
                <line number="77" hits="24" branch="False" />
                <line number="78" hits="24" branch="False" />
                <line number="79" hits="51" branch="True" condition-coverage="100% (2/2)">
                  <conditions>
                    <condition number="125" type="jump" coverage="100%" />
                  </conditions>
                </line>
                <line number="80" hits="19" branch="False" />
                <line number="81" hits="19" branch="False" />
                <line number="82" hits="19" branch="False" />
                <line number="83" hits="32" branch="True" condition-coverage="100% (2/2)">
                  <conditions>
                    <condition number="173" type="jump" coverage="100%" />
                  </conditions>
                </line>
                <line number="84" hits="1" branch="False" />
                <line number="85" hits="1" branch="False" />
                <line number="86" hits="1" branch="False" />
                <line number="87" hits="31" branch="True" condition-coverage="100% (2/2)">
                  <conditions>
                    <condition number="216" type="jump" coverage="100%" />
                  </conditions>
                </line>
                <line number="88" hits="3" branch="False" />
                <line number="89" hits="3" branch="False" />
                <line number="90" hits="3" branch="False" />
                <line number="91" hits="28" branch="True" condition-coverage="100% (2/2)">
                  <conditions>
                    <condition number="260" type="jump" coverage="100%" />
                  </conditions>
                </line>
                <line number="92" hits="14" branch="False" />
                <line number="93" hits="14" branch="False" />
                <line number="94" hits="14" branch="False" />
                <line number="95" hits="14" branch="True" condition-coverage="50% (1/2)">
                  <conditions>
                    <condition number="303" type="jump" coverage="50%" />
                  </conditions>
                </line>
                <line number="96" hits="14" branch="False" />
                <line number="102" hits="14" branch="False" />
                <line number="103" hits="14" branch="False" />
                <line number="106" hits="14" branch="False" />
                <line number="107" hits="14" branch="False" />
                <line number="108" hits="14" branch="False" />
                <line number="109" hits="14" branch="False" />
                <line number="110" hits="14" branch="False" />
                <line number="111" hits="14" branch="False" />
                <line number="113" hits="0" branch="False" />
                <line number="114" hits="0" branch="False" />
                <line number="116" hits="75" branch="False" />
              </lines>
            </method>
            <method name="LoadJsonStringIntoGenericProperty" signature="(System.Object,System.Reflection.PropertyInfo,System.String)" line-rate="0.9534" branch-rate="0.8461" complexity="26">
              <lines>
                <line number="119" hits="14" branch="False" />
                <line number="120" hits="14" branch="False" />
                <line number="121" hits="14" branch="True" condition-coverage="100% (4/4)">
                  <conditions>
                    <condition number="21" type="jump" coverage="100%" />
                    <condition number="45" type="jump" coverage="100%" />
                  </conditions>
                </line>
                <line number="122" hits="2" branch="False" />
                <line number="123" hits="2" branch="False" />
                <line number="124" hits="2" branch="False" />
                <line number="125" hits="12" branch="True" condition-coverage="100% (2/2)">
                  <conditions>
                    <condition number="76" type="jump" coverage="100%" />
                  </conditions>
                </line>
                <line number="126" hits="3" branch="False" />
                <line number="127" hits="3" branch="False" />
                <line number="128" hits="3" branch="False" />
                <line number="129" hits="9" branch="True" condition-coverage="100% (2/2)">
                  <conditions>
                    <condition number="120" type="jump" coverage="100%" />
                  </conditions>
                </line>
                <line number="130" hits="1" branch="False" />
                <line number="131" hits="1" branch="False" />
                <line number="132" hits="1" branch="False" />
                <line number="133" hits="8" branch="True" condition-coverage="100% (4/4)">
                  <conditions>
                    <condition number="164" type="jump" coverage="100%" />
                    <condition number="192" type="jump" coverage="100%" />
                  </conditions>
                </line>
                <line number="134" hits="2" branch="False" />
                <line number="135" hits="2" branch="False" />
                <line number="136" hits="2" branch="False" />
                <line number="137" hits="6" branch="True" condition-coverage="100% (4/4)">
                  <conditions>
                    <condition number="226" type="jump" coverage="100%" />
                    <condition number="254" type="jump" coverage="100%" />
                  </conditions>
                </line>
                <line number="138" hits="3" branch="False" />
                <line number="139" hits="3" branch="False" />
                <line number="140" hits="3" branch="False" />
                <line number="141" hits="3" branch="True" condition-coverage="100% (2/2)">
                  <conditions>
                    <condition number="302" type="jump" coverage="100%" />
                  </conditions>
                </line>
                <line number="142" hits="1" branch="False" />
                <line number="143" hits="1" branch="False" />
                <line number="144" hits="1" branch="False" />
                <line number="145" hits="2" branch="True" condition-coverage="50% (1/2)">
                  <conditions>
                    <condition number="350" type="jump" coverage="50%" />
                  </conditions>
                </line>
                <line number="146" hits="2" branch="False" />
                <line number="152" hits="2" branch="True" condition-coverage="50% (1/2)">
                  <conditions>
                    <condition number="370" type="jump" coverage="50%" />
                  </conditions>
                </line>
                <line number="153" hits="2" branch="False" />
                <line number="154" hits="2" branch="False" />
                <line number="155" hits="2" branch="False" />
                <line number="156" hits="2" branch="True" condition-coverage="50% (1/2)">
                  <conditions>
                    <condition number="442" type="jump" coverage="50%" />
                  </conditions>
                </line>
                <line number="157" hits="2" branch="False" />
                <line number="158" hits="2" branch="False" />
                <line number="160" hits="2" branch="True" condition-coverage="50% (1/2)">
                  <conditions>
                    <condition number="487" type="jump" coverage="50%" />
                  </conditions>
                </line>
                <line number="161" hits="2" branch="False" />
                <line number="162" hits="2" branch="False" />
                <line number="165" hits="2" branch="False" />
                <line number="167" hits="2" branch="False" />
                <line number="169" hits="0" branch="False" />
                <line number="170" hits="0" branch="False" />
                <line number="172" hits="14" branch="False" />
              </lines>
            </method>
            <method name="Write" signature="(System.Text.Json.Utf8JsonWriter,T,System.Text.Json.JsonSerializerOptions)" line-rate="0.9428" branch-rate="0.9545" complexity="22">
              <lines>
                <line number="181" hits="129" branch="False" />
                <line number="182" hits="129" branch="True" condition-coverage="50% (1/2)">
                  <conditions>
                    <condition number="30" type="jump" coverage="50%" />
                  </conditions>
                </line>
                <line number="183" hits="0" branch="False" />
                <line number="184" hits="0" branch="False" />
                <line number="187" hits="129" branch="True" condition-coverage="100% (2/2)">
                  <conditions>
                    <condition number="66" type="jump" coverage="100%" />
                  </conditions>
                </line>
                <line number="188" hits="2144" branch="False" />
                <line number="190" hits="129" branch="False" />
                <line number="192" hits="5254" branch="True" condition-coverage="100% (4/4)">
                  <conditions>
                    <condition number="113" type="jump" coverage="100%" />
                    <condition number="399" type="jump" coverage="100%" />
                  </conditions>
                </line>
                <line number="193" hits="1426" branch="False" />
                <line number="194" hits="1426" branch="False" />
                <line number="196" hits="1426" branch="False" />
                <line number="197" hits="1426" branch="False" />
                <line number="200" hits="1426" branch="True" condition-coverage="100% (2/2)">
                  <conditions>
                    <condition number="213" type="jump" coverage="100%" />
                  </conditions>
                </line>
                <line number="201" hits="704" branch="False" />
                <line number="202" hits="704" branch="True" condition-coverage="100% (4/4)">
                  <conditions>
                    <condition number="243" type="jump" coverage="100%" />
                    <condition number="266" type="jump" coverage="100%" />
                  </conditions>
                </line>
                <line number="203" hits="704" branch="False" />
                <line number="204" hits="526" branch="False" />
                <line number="205" hits="526" branch="True" condition-coverage="100% (2/2)">
                  <conditions>
                    <condition number="283" type="jump" coverage="100%" />
                  </conditions>
                </line>
                <line number="206" hits="188" branch="False" />
                <line number="207" hits="188" branch="False" />
                <line number="208" hits="188" branch="False" />
                <line number="210" hits="526" branch="False" />
                <line number="214" hits="178" branch="True" condition-coverage="100% (4/4)">
                  <conditions>
                    <condition number="314" type="jump" coverage="100%" />
                    <condition number="337" type="jump" coverage="100%" />
                  </conditions>
                </line>
                <line number="215" hits="178" branch="False" />
                <line number="216" hits="43" branch="False" />
                <line number="217" hits="43" branch="True" condition-coverage="100% (2/2)">
                  <conditions>
                    <condition number="354" type="jump" coverage="100%" />
                  </conditions>
                </line>
                <line number="218" hits="14" branch="False" />
                <line number="219" hits="14" branch="False" />
                <line number="220" hits="14" branch="False" />
                <line number="222" hits="43" branch="False" />
                <line number="224" hits="135" branch="False" />
                <line number="226" hits="857" branch="False" />
                <line number="227" hits="857" branch="False" />
                <line number="229" hits="129" branch="False" />
                <line number="230" hits="129" branch="False" />
              </lines>
            </method>
            <method name="WriteSimpleProperty" signature="(System.Text.Json.Utf8JsonWriter,System.Object,System.String)" line-rate="0.9722" branch-rate="0.9062" complexity="32">
              <lines>
                <line number="233" hits="857" branch="False" />
                <line number="234" hits="857" branch="True" condition-coverage="95% (19/20)">
                  <conditions>
                    <condition number="28" type="jump" coverage="100%" />
                    <condition number="40" type="jump" coverage="100%" />
                    <condition number="62" type="jump" coverage="100%" />
                    <condition number="84" type="jump" coverage="100%" />
                    <condition number="110" type="jump" coverage="100%" />
                    <condition number="122" type="jump" coverage="100%" />
                    <condition number="149" type="jump" coverage="100%" />
                    <condition number="161" type="jump" coverage="100%" />
                    <condition number="177" type="jump" coverage="100%" />
                    <condition number="193" type="jump" coverage="50%" />
                  </conditions>
                </line>
                <line number="237" hits="57" branch="False" />
                <line number="238" hits="57" branch="False" />
                <line number="240" hits="2" branch="False" />
                <line number="241" hits="2" branch="False" />
                <line number="243" hits="11" branch="False" />
                <line number="244" hits="11" branch="False" />
                <line number="246" hits="11" branch="False" />
                <line number="247" hits="11" branch="False" />
                <line number="249" hits="138" branch="False" />
                <line number="250" hits="138" branch="False" />
                <line number="252" hits="66" branch="False" />
                <line number="253" hits="66" branch="False" />
                <line number="255" hits="372" branch="False" />
                <line number="256" hits="372" branch="False" />
                <line number="258" hits="156" branch="True" condition-coverage="100% (6/6)">
                  <conditions>
                    <condition number="398" type="jump" coverage="100%" />
                    <condition number="459" type="jump" coverage="100%" />
                    <condition number="531" type="jump" coverage="100%" />
                  </conditions>
                </line>
                <line number="259" hits="156" branch="False" />
                <line number="261" hits="30" branch="True" condition-coverage="100% (2/2)">
                  <conditions>
                    <condition number="640" type="jump" coverage="100%" />
                  </conditions>
                </line>
                <line number="262" hits="9" branch="False" />
                <line number="263" hits="9" branch="False" />
                <line number="264" hits="9" branch="False" />
                <line number="265" hits="9" branch="False" />
                <line number="266" hits="9" branch="False" />
                <line number="267" hits="9" branch="False" />
                <line number="269" hits="30" branch="False" />
                <line number="271" hits="14" branch="True" condition-coverage="100% (2/2)">
                  <conditions>
                    <condition number="724" type="jump" coverage="100%" />
                  </conditions>
                </line>
                <line number="272" hits="5" branch="False" />
                <line number="273" hits="5" branch="False" />
                <line number="274" hits="5" branch="False" />
                <line number="275" hits="13" branch="False" />
                <line number="276" hits="5" branch="False" />
                <line number="277" hits="5" branch="False" />
                <line number="279" hits="14" branch="False" />
                <line number="281" hits="0" branch="True" condition-coverage="0% (0/2)">
                  <conditions>
                    <condition number="793" type="jump" coverage="0%" />
                  </conditions>
                </line>
                <line number="283" hits="857" branch="False" />
              </lines>
            </method>
            <method name="WriteReferencesToListItems" signature="(System.Text.Json.Utf8JsonWriter,System.Collections.IList,System.String)" line-rate="1" branch-rate="1" complexity="4">
              <lines>
                <line number="286" hits="188" branch="False" />
                <line number="287" hits="188" branch="False" />
                <line number="288" hits="188" branch="False" />
                <line number="289" hits="960" branch="True" condition-coverage="100% (2/2)">
                  <conditions>
                    <condition number="74" type="jump" coverage="100%" />
                  </conditions>
                </line>
                <line number="290" hits="198" branch="False" />
                <line number="291" hits="198" branch="True" condition-coverage="100% (2/2)">
                  <conditions>
                    <condition number="40" type="jump" coverage="100%" />
                  </conditions>
                </line>
                <line number="292" hits="198" branch="False" />
                <line number="294" hits="198" branch="False" />
                <line number="296" hits="198" branch="False" />
                <line number="297" hits="198" branch="False" />
                <line number="299" hits="188" branch="False" />
                <line number="300" hits="188" branch="False" />
              </lines>
            </method>
            <method name="WriteReferencesToEnumValues" signature="(System.Text.Json.Utf8JsonWriter,System.Type,System.Collections.IList,System.String)" line-rate="1" branch-rate="1" complexity="4">
              <lines>
                <line number="304" hits="14" branch="False" />
                <line number="305" hits="14" branch="False" />
                <line number="306" hits="14" branch="False" />
                <line number="307" hits="84" branch="True" condition-coverage="100% (2/2)">
                  <conditions>
                    <condition number="65" type="jump" coverage="100%" />
                  </conditions>
                </line>
                <line number="308" hits="21" branch="False" />
                <line number="309" hits="21" branch="True" condition-coverage="100% (2/2)">
                  <conditions>
                    <condition number="40" type="jump" coverage="100%" />
                  </conditions>
                </line>
                <line number="310" hits="21" branch="False" />
                <line number="311" hits="21" branch="False" />
                <line number="312" hits="21" branch="False" />
                <line number="313" hits="21" branch="False" />
                <line number="315" hits="14" branch="False" />
                <line number="316" hits="14" branch="False" />
              </lines>
            </method>
            <method name="GetJsonElementNameFromPropertyAttribute" signature="(System.Reflection.PropertyInfo)" line-rate="1" branch-rate="1" complexity="8">
              <lines>
                <line number="320" hits="1426" branch="False" />
                <line number="321" hits="1426" branch="False" />
                <line number="322" hits="11388" branch="True" condition-coverage="100% (2/2)">
                  <conditions>
                    <condition number="201" type="jump" coverage="100%" />
                  </conditions>
                </line>
                <line number="323" hits="3555" branch="False" />
                <line number="324" hits="3555" branch="True" condition-coverage="100% (2/2)">
                  <conditions>
                    <condition number="44" type="jump" coverage="100%" />
                  </conditions>
                </line>
                <line number="325" hits="1426" branch="False" />
                <line number="326" hits="1426" branch="True" condition-coverage="100% (4/4)">
                  <conditions>
                    <condition number="55" type="jump" coverage="100%" />
                    <condition number="115" type="jump" coverage="100%" />
                  </conditions>
                </line>
                <line number="327" hits="1426" branch="False" />
                <line number="328" hits="3555" branch="False" />
                <line number="330" hits="1426" branch="False" />
                <line number="331" hits="1426" branch="False" />
              </lines>
            </method>
            <method name="GetPropertyFromJsonElementName" signature="(System.Type,System.String)" line-rate="0.8461" branch-rate="0.9375" complexity="16">
              <lines>
                <line number="335" hits="84" branch="False" />
                <line number="336" hits="2060" branch="True" condition-coverage="50% (1/2)">
                  <conditions>
                    <condition number="441" type="jump" coverage="50%" />
                  </conditions>
                </line>
                <line number="337" hits="946" branch="False" />
                <line number="338" hits="7236" branch="True" condition-coverage="100% (2/2)">
                  <conditions>
                    <condition number="414" type="jump" coverage="100%" />
                  </conditions>
                </line>
                <line number="339" hits="2241" branch="False" />
                <line number="340" hits="2241" branch="True" condition-coverage="100% (12/12)">
                  <conditions>
                    <condition number="53" type="jump" coverage="100%" />
                    <condition number="130" type="jump" coverage="100%" />
                    <condition number="140" type="jump" coverage="100%" />
                    <condition number="219" type="jump" coverage="100%" />
                    <condition number="298" type="jump" coverage="100%" />
                    <condition number="399" type="jump" coverage="100%" />
                  </conditions>
                </line>
                <line number="341" hits="84" branch="False" />
                <line number="342" hits="84" branch="False" />
                <line number="344" hits="2157" branch="False" />
                <line number="345" hits="862" branch="False" />
                <line number="347" hits="0" branch="False" />
                <line number="348" hits="0" branch="False" />
                <line number="349" hits="84" branch="False" />
              </lines>
            </method>
          </methods>
          <lines>
            <line number="24" hits="28" branch="False" />
            <line number="25" hits="28" branch="True" condition-coverage="50% (1/2)">
              <conditions>
                <condition number="20" type="jump" coverage="50%" />
              </conditions>
            </line>
            <line number="26" hits="28" branch="False" />
            <line number="29" hits="28" branch="False" />
            <line number="31" hits="229" branch="True" condition-coverage="100% (2/2)">
              <conditions>
                <condition number="306" type="jump" coverage="100%" />
              </conditions>
            </line>
            <line number="32" hits="205" branch="False" />
            <line number="33" hits="205" branch="True" condition-coverage="100% (5/5)">
              <conditions>
                <condition number="115" type="switch" coverage="100%" />
              </conditions>
            </line>
            <line number="36" hits="84" branch="True" condition-coverage="50% (1/2)">
              <conditions>
                <condition number="148" type="jump" coverage="50%" />
              </conditions>
            </line>
            <line number="37" hits="84" branch="False" />
            <line number="38" hits="84" branch="False" />
            <line number="39" hits="84" branch="False" />
            <line number="42" hits="75" branch="True" condition-coverage="50% (1/2)">
              <conditions>
                <condition number="190" type="jump" coverage="50%" />
              </conditions>
            </line>
            <line number="43" hits="75" branch="False" />
            <line number="45" hits="75" branch="False" />
            <line number="47" hits="14" branch="True" condition-coverage="100% (2/2)">
              <conditions>
                <condition number="237" type="jump" coverage="100%" />
              </conditions>
            </line>
            <line number="48" hits="1" branch="False" />
            <line number="49" hits="1" branch="False" />
            <line number="50" hits="1" branch="False" />
            <line number="52" hits="13" branch="False" />
            <line number="53" hits="13" branch="False" />
            <line number="54" hits="9" branch="False" />
            <line number="56" hits="10" branch="False" />
            <line number="58" hits="201" branch="False" />
            <line number="60" hits="24" branch="False" />
            <line number="61" hits="24" branch="False" />
            <line number="72" hits="75" branch="False" />
            <line number="73" hits="75" branch="True" condition-coverage="50% (1/2)">
              <conditions>
                <condition number="24" type="jump" coverage="50%" />
              </conditions>
            </line>
            <line number="75" hits="75" branch="True" condition-coverage="100% (2/2)">
              <conditions>
                <condition number="82" type="jump" coverage="100%" />
              </conditions>
            </line>
            <line number="76" hits="24" branch="False" />
            <line number="77" hits="24" branch="False" />
            <line number="78" hits="24" branch="False" />
            <line number="79" hits="51" branch="True" condition-coverage="100% (2/2)">
              <conditions>
                <condition number="125" type="jump" coverage="100%" />
              </conditions>
            </line>
            <line number="80" hits="19" branch="False" />
            <line number="81" hits="19" branch="False" />
            <line number="82" hits="19" branch="False" />
            <line number="83" hits="32" branch="True" condition-coverage="100% (2/2)">
              <conditions>
                <condition number="173" type="jump" coverage="100%" />
              </conditions>
            </line>
            <line number="84" hits="1" branch="False" />
            <line number="85" hits="1" branch="False" />
            <line number="86" hits="1" branch="False" />
            <line number="87" hits="31" branch="True" condition-coverage="100% (2/2)">
              <conditions>
                <condition number="216" type="jump" coverage="100%" />
              </conditions>
            </line>
            <line number="88" hits="3" branch="False" />
            <line number="89" hits="3" branch="False" />
            <line number="90" hits="3" branch="False" />
            <line number="91" hits="28" branch="True" condition-coverage="100% (2/2)">
              <conditions>
                <condition number="260" type="jump" coverage="100%" />
              </conditions>
            </line>
            <line number="92" hits="14" branch="False" />
            <line number="93" hits="14" branch="False" />
            <line number="94" hits="14" branch="False" />
            <line number="95" hits="14" branch="True" condition-coverage="50% (1/2)">
              <conditions>
                <condition number="303" type="jump" coverage="50%" />
              </conditions>
            </line>
            <line number="96" hits="14" branch="False" />
            <line number="102" hits="14" branch="False" />
            <line number="103" hits="14" branch="False" />
            <line number="106" hits="14" branch="False" />
            <line number="107" hits="14" branch="False" />
            <line number="108" hits="14" branch="False" />
            <line number="109" hits="14" branch="False" />
            <line number="110" hits="14" branch="False" />
            <line number="111" hits="14" branch="False" />
            <line number="113" hits="0" branch="False" />
            <line number="114" hits="0" branch="False" />
            <line number="116" hits="75" branch="False" />
            <line number="119" hits="14" branch="False" />
            <line number="120" hits="14" branch="False" />
            <line number="121" hits="14" branch="True" condition-coverage="100% (4/4)">
              <conditions>
                <condition number="21" type="jump" coverage="100%" />
                <condition number="45" type="jump" coverage="100%" />
              </conditions>
            </line>
            <line number="122" hits="2" branch="False" />
            <line number="123" hits="2" branch="False" />
            <line number="124" hits="2" branch="False" />
            <line number="125" hits="12" branch="True" condition-coverage="100% (2/2)">
              <conditions>
                <condition number="76" type="jump" coverage="100%" />
              </conditions>
            </line>
            <line number="126" hits="3" branch="False" />
            <line number="127" hits="3" branch="False" />
            <line number="128" hits="3" branch="False" />
            <line number="129" hits="9" branch="True" condition-coverage="100% (2/2)">
              <conditions>
                <condition number="120" type="jump" coverage="100%" />
              </conditions>
            </line>
            <line number="130" hits="1" branch="False" />
            <line number="131" hits="1" branch="False" />
            <line number="132" hits="1" branch="False" />
            <line number="133" hits="8" branch="True" condition-coverage="100% (4/4)">
              <conditions>
                <condition number="164" type="jump" coverage="100%" />
                <condition number="192" type="jump" coverage="100%" />
              </conditions>
            </line>
            <line number="134" hits="2" branch="False" />
            <line number="135" hits="2" branch="False" />
            <line number="136" hits="2" branch="False" />
            <line number="137" hits="6" branch="True" condition-coverage="100% (4/4)">
              <conditions>
                <condition number="226" type="jump" coverage="100%" />
                <condition number="254" type="jump" coverage="100%" />
              </conditions>
            </line>
            <line number="138" hits="3" branch="False" />
            <line number="139" hits="3" branch="False" />
            <line number="140" hits="3" branch="False" />
            <line number="141" hits="3" branch="True" condition-coverage="100% (2/2)">
              <conditions>
                <condition number="302" type="jump" coverage="100%" />
              </conditions>
            </line>
            <line number="142" hits="1" branch="False" />
            <line number="143" hits="1" branch="False" />
            <line number="144" hits="1" branch="False" />
            <line number="145" hits="2" branch="True" condition-coverage="50% (1/2)">
              <conditions>
                <condition number="350" type="jump" coverage="50%" />
              </conditions>
            </line>
            <line number="146" hits="2" branch="False" />
            <line number="152" hits="2" branch="True" condition-coverage="50% (1/2)">
              <conditions>
                <condition number="370" type="jump" coverage="50%" />
              </conditions>
            </line>
            <line number="153" hits="2" branch="False" />
            <line number="154" hits="2" branch="False" />
            <line number="155" hits="2" branch="False" />
            <line number="156" hits="2" branch="True" condition-coverage="50% (1/2)">
              <conditions>
                <condition number="442" type="jump" coverage="50%" />
              </conditions>
            </line>
            <line number="157" hits="2" branch="False" />
            <line number="158" hits="2" branch="False" />
            <line number="160" hits="2" branch="True" condition-coverage="50% (1/2)">
              <conditions>
                <condition number="487" type="jump" coverage="50%" />
              </conditions>
            </line>
            <line number="161" hits="2" branch="False" />
            <line number="162" hits="2" branch="False" />
            <line number="165" hits="2" branch="False" />
            <line number="167" hits="2" branch="False" />
            <line number="169" hits="0" branch="False" />
            <line number="170" hits="0" branch="False" />
            <line number="172" hits="14" branch="False" />
            <line number="181" hits="129" branch="False" />
            <line number="182" hits="129" branch="True" condition-coverage="50% (1/2)">
              <conditions>
                <condition number="30" type="jump" coverage="50%" />
              </conditions>
            </line>
            <line number="183" hits="0" branch="False" />
            <line number="184" hits="0" branch="False" />
            <line number="187" hits="129" branch="True" condition-coverage="100% (2/2)">
              <conditions>
                <condition number="66" type="jump" coverage="100%" />
              </conditions>
            </line>
            <line number="188" hits="2144" branch="False" />
            <line number="190" hits="129" branch="False" />
            <line number="192" hits="5254" branch="True" condition-coverage="100% (4/4)">
              <conditions>
                <condition number="113" type="jump" coverage="100%" />
                <condition number="399" type="jump" coverage="100%" />
              </conditions>
            </line>
            <line number="193" hits="1426" branch="False" />
            <line number="194" hits="1426" branch="False" />
            <line number="196" hits="1426" branch="False" />
            <line number="197" hits="1426" branch="False" />
            <line number="200" hits="1426" branch="True" condition-coverage="100% (2/2)">
              <conditions>
                <condition number="213" type="jump" coverage="100%" />
              </conditions>
            </line>
            <line number="201" hits="704" branch="False" />
            <line number="202" hits="704" branch="True" condition-coverage="100% (4/4)">
              <conditions>
                <condition number="243" type="jump" coverage="100%" />
                <condition number="266" type="jump" coverage="100%" />
              </conditions>
            </line>
            <line number="203" hits="704" branch="False" />
            <line number="204" hits="526" branch="False" />
            <line number="205" hits="526" branch="True" condition-coverage="100% (2/2)">
              <conditions>
                <condition number="283" type="jump" coverage="100%" />
              </conditions>
            </line>
            <line number="206" hits="188" branch="False" />
            <line number="207" hits="188" branch="False" />
            <line number="208" hits="188" branch="False" />
            <line number="210" hits="526" branch="False" />
            <line number="214" hits="178" branch="True" condition-coverage="100% (4/4)">
              <conditions>
                <condition number="314" type="jump" coverage="100%" />
                <condition number="337" type="jump" coverage="100%" />
              </conditions>
            </line>
            <line number="215" hits="178" branch="False" />
            <line number="216" hits="43" branch="False" />
            <line number="217" hits="43" branch="True" condition-coverage="100% (2/2)">
              <conditions>
                <condition number="354" type="jump" coverage="100%" />
              </conditions>
            </line>
            <line number="218" hits="14" branch="False" />
            <line number="219" hits="14" branch="False" />
            <line number="220" hits="14" branch="False" />
            <line number="222" hits="43" branch="False" />
            <line number="224" hits="135" branch="False" />
            <line number="226" hits="857" branch="False" />
            <line number="227" hits="857" branch="False" />
            <line number="229" hits="129" branch="False" />
            <line number="230" hits="129" branch="False" />
            <line number="233" hits="857" branch="False" />
            <line number="234" hits="857" branch="True" condition-coverage="95% (19/20)">
              <conditions>
                <condition number="28" type="jump" coverage="100%" />
                <condition number="40" type="jump" coverage="100%" />
                <condition number="62" type="jump" coverage="100%" />
                <condition number="84" type="jump" coverage="100%" />
                <condition number="110" type="jump" coverage="100%" />
                <condition number="122" type="jump" coverage="100%" />
                <condition number="149" type="jump" coverage="100%" />
                <condition number="161" type="jump" coverage="100%" />
                <condition number="177" type="jump" coverage="100%" />
                <condition number="193" type="jump" coverage="50%" />
              </conditions>
            </line>
            <line number="237" hits="57" branch="False" />
            <line number="238" hits="57" branch="False" />
            <line number="240" hits="2" branch="False" />
            <line number="241" hits="2" branch="False" />
            <line number="243" hits="11" branch="False" />
            <line number="244" hits="11" branch="False" />
            <line number="246" hits="11" branch="False" />
            <line number="247" hits="11" branch="False" />
            <line number="249" hits="138" branch="False" />
            <line number="250" hits="138" branch="False" />
            <line number="252" hits="66" branch="False" />
            <line number="253" hits="66" branch="False" />
            <line number="255" hits="372" branch="False" />
            <line number="256" hits="372" branch="False" />
            <line number="258" hits="156" branch="True" condition-coverage="100% (6/6)">
              <conditions>
                <condition number="398" type="jump" coverage="100%" />
                <condition number="459" type="jump" coverage="100%" />
                <condition number="531" type="jump" coverage="100%" />
              </conditions>
            </line>
            <line number="259" hits="156" branch="False" />
            <line number="261" hits="30" branch="True" condition-coverage="100% (2/2)">
              <conditions>
                <condition number="640" type="jump" coverage="100%" />
              </conditions>
            </line>
            <line number="262" hits="9" branch="False" />
            <line number="263" hits="9" branch="False" />
            <line number="264" hits="9" branch="False" />
            <line number="265" hits="9" branch="False" />
            <line number="266" hits="9" branch="False" />
            <line number="267" hits="9" branch="False" />
            <line number="269" hits="30" branch="False" />
            <line number="271" hits="14" branch="True" condition-coverage="100% (2/2)">
              <conditions>
                <condition number="724" type="jump" coverage="100%" />
              </conditions>
            </line>
            <line number="272" hits="5" branch="False" />
            <line number="273" hits="5" branch="False" />
            <line number="274" hits="5" branch="False" />
            <line number="275" hits="13" branch="False" />
            <line number="276" hits="5" branch="False" />
            <line number="277" hits="5" branch="False" />
            <line number="279" hits="14" branch="False" />
            <line number="281" hits="0" branch="True" condition-coverage="0% (0/2)">
              <conditions>
                <condition number="793" type="jump" coverage="0%" />
              </conditions>
            </line>
            <line number="283" hits="857" branch="False" />
            <line number="286" hits="188" branch="False" />
            <line number="287" hits="188" branch="False" />
            <line number="288" hits="188" branch="False" />
            <line number="289" hits="960" branch="True" condition-coverage="100% (2/2)">
              <conditions>
                <condition number="74" type="jump" coverage="100%" />
              </conditions>
            </line>
            <line number="290" hits="198" branch="False" />
            <line number="291" hits="198" branch="True" condition-coverage="100% (2/2)">
              <conditions>
                <condition number="40" type="jump" coverage="100%" />
              </conditions>
            </line>
            <line number="292" hits="198" branch="False" />
            <line number="294" hits="198" branch="False" />
            <line number="296" hits="198" branch="False" />
            <line number="297" hits="198" branch="False" />
            <line number="299" hits="188" branch="False" />
            <line number="300" hits="188" branch="False" />
            <line number="304" hits="14" branch="False" />
            <line number="305" hits="14" branch="False" />
            <line number="306" hits="14" branch="False" />
            <line number="307" hits="84" branch="True" condition-coverage="100% (2/2)">
              <conditions>
                <condition number="65" type="jump" coverage="100%" />
              </conditions>
            </line>
            <line number="308" hits="21" branch="False" />
            <line number="309" hits="21" branch="True" condition-coverage="100% (2/2)">
              <conditions>
                <condition number="40" type="jump" coverage="100%" />
              </conditions>
            </line>
            <line number="310" hits="21" branch="False" />
            <line number="311" hits="21" branch="False" />
            <line number="312" hits="21" branch="False" />
            <line number="313" hits="21" branch="False" />
            <line number="315" hits="14" branch="False" />
            <line number="316" hits="14" branch="False" />
            <line number="320" hits="1426" branch="False" />
            <line number="321" hits="1426" branch="False" />
            <line number="322" hits="11388" branch="True" condition-coverage="100% (2/2)">
              <conditions>
                <condition number="201" type="jump" coverage="100%" />
              </conditions>
            </line>
            <line number="323" hits="3555" branch="False" />
            <line number="324" hits="3555" branch="True" condition-coverage="100% (2/2)">
              <conditions>
                <condition number="44" type="jump" coverage="100%" />
              </conditions>
            </line>
            <line number="325" hits="1426" branch="False" />
            <line number="326" hits="1426" branch="True" condition-coverage="100% (4/4)">
              <conditions>
                <condition number="55" type="jump" coverage="100%" />
                <condition number="115" type="jump" coverage="100%" />
              </conditions>
            </line>
            <line number="327" hits="1426" branch="False" />
            <line number="328" hits="3555" branch="False" />
            <line number="330" hits="1426" branch="False" />
            <line number="331" hits="1426" branch="False" />
            <line number="335" hits="84" branch="False" />
            <line number="336" hits="2060" branch="True" condition-coverage="50% (1/2)">
              <conditions>
                <condition number="441" type="jump" coverage="50%" />
              </conditions>
            </line>
            <line number="337" hits="946" branch="False" />
            <line number="338" hits="7236" branch="True" condition-coverage="100% (2/2)">
              <conditions>
                <condition number="414" type="jump" coverage="100%" />
              </conditions>
            </line>
            <line number="339" hits="2241" branch="False" />
            <line number="340" hits="2241" branch="True" condition-coverage="100% (12/12)">
              <conditions>
                <condition number="53" type="jump" coverage="100%" />
                <condition number="130" type="jump" coverage="100%" />
                <condition number="140" type="jump" coverage="100%" />
                <condition number="219" type="jump" coverage="100%" />
                <condition number="298" type="jump" coverage="100%" />
                <condition number="399" type="jump" coverage="100%" />
              </conditions>
            </line>
            <line number="341" hits="84" branch="False" />
            <line number="342" hits="84" branch="False" />
            <line number="344" hits="2157" branch="False" />
            <line number="345" hits="862" branch="False" />
            <line number="347" hits="0" branch="False" />
            <line number="348" hits="0" branch="False" />
            <line number="349" hits="84" branch="False" />
          </lines>
        </class>
        <class name="Spdx3.Serialization.SpdxModelConverterFactory" filename="Serialization/SpdxModelConverterFactory.cs" line-rate="1" branch-rate="1" complexity="2">
          <methods>
            <method name="CanConvert" signature="(System.Type)" line-rate="1" branch-rate="1" complexity="1">
              <lines>
                <line number="11" hits="763" branch="False" />
                <line number="12" hits="763" branch="False" />
                <line number="14" hits="763" branch="False" />
                <line number="15" hits="763" branch="False" />
              </lines>
            </method>
            <method name="CreateConverter" signature="(System.Type,System.Text.Json.JsonSerializerOptions)" line-rate="1" branch-rate="1" complexity="1">
              <lines>
                <line number="18" hits="409" branch="False" />
                <line number="19" hits="409" branch="False" />
                <line number="21" hits="409" branch="False" />
                <line number="22" hits="409" branch="False" />
                <line number="24" hits="409" branch="False" />
                <line number="25" hits="409" branch="False" />
                <line number="27" hits="409" branch="False" />
                <line number="28" hits="409" branch="False" />
              </lines>
            </method>
          </methods>
          <lines>
            <line number="11" hits="763" branch="False" />
            <line number="12" hits="763" branch="False" />
            <line number="14" hits="763" branch="False" />
            <line number="15" hits="763" branch="False" />
            <line number="18" hits="409" branch="False" />
            <line number="19" hits="409" branch="False" />
            <line number="21" hits="409" branch="False" />
            <line number="22" hits="409" branch="False" />
            <line number="24" hits="409" branch="False" />
            <line number="25" hits="409" branch="False" />
            <line number="27" hits="409" branch="False" />
            <line number="28" hits="409" branch="False" />
          </lines>
        </class>
        <class name="Spdx3.Serialization.SpdxWrapper" filename="Serialization/SpdxWrapper.cs" line-rate="1" branch-rate="1" complexity="4">
          <methods>
            <method name="get_Context" signature="()" line-rate="1" branch-rate="1" complexity="1">
              <lines>
                <line number="14" hits="8" branch="False" />
              </lines>
            </method>
            <method name="get_Graph" signature="()" line-rate="1" branch-rate="1" complexity="1">
              <lines>
                <line number="18" hits="71" branch="False" />
              </lines>
            </method>
            <method name=".ctor" signature="(Spdx3.Utility.Catalog)" line-rate="1" branch-rate="1" complexity="1">
              <lines>
                <line number="20" hits="4" branch="False" />
                <line number="21" hits="4" branch="False" />
                <line number="22" hits="4" branch="False" />
                <line number="23" hits="4" branch="False" />
              </lines>
            </method>
            <method name=".ctor" signature="()" line-rate="1" branch-rate="1" complexity="1">
              <lines>
                <line number="25" hits="8" branch="False" />
                <line number="26" hits="8" branch="False" />
                <line number="27" hits="8" branch="False" />
              </lines>
            </method>
          </methods>
          <lines>
            <line number="14" hits="8" branch="False" />
            <line number="18" hits="71" branch="False" />
            <line number="20" hits="4" branch="False" />
            <line number="21" hits="4" branch="False" />
            <line number="22" hits="4" branch="False" />
            <line number="23" hits="4" branch="False" />
            <line number="25" hits="8" branch="False" />
            <line number="26" hits="8" branch="False" />
            <line number="27" hits="8" branch="False" />
          </lines>
        </class>
[...]
            <line number="29" hits="11" branch="False" />
            <line number="33" hits="11" branch="False" />
            <line number="37" hits="11" branch="False" />
            <line number="41" hits="11" branch="False" />
            <line number="45" hits="11" branch="False" />
            <line number="60" hits="3" branch="False" />
            <line number="61" hits="3" branch="False" />
            <line number="62" hits="2" branch="False" />
            <line number="63" hits="2" branch="False" />
            <line number="49" hits="2" branch="False" />
            <line number="50" hits="2" branch="False" />
            <line number="51" hits="2" branch="False" />
            <line number="54" hits="2" branch="False" />
            <line number="55" hits="2" branch="False" />
            <line number="56" hits="2" branch="False" />
            <line number="57" hits="2" branch="False" />
          </lines>
        </class>
        <class name="Spdx3.Model.AI.Classes.AiPackage" filename="Model/AI/Classes/AiPackage.cs" line-rate="1" branch-rate="1" complexity="23">
          <methods>
            <method name="get_ReleaseTime" signature="()" line-rate="1" branch-rate="1" complexity="1">
              <lines>
                <line number="18" hits="7" branch="False" />
              </lines>
            </method>
            <method name="get_SuppliedBy" signature="()" line-rate="1" branch-rate="1" complexity="1">
              <lines>
                <line number="22" hits="9" branch="False" />
              </lines>
            </method>
            <method name="get_DownloadLocation" signature="()" line-rate="1" branch-rate="1" complexity="1">
              <lines>
                <line number="26" hits="7" branch="False" />
              </lines>
            </method>
            <method name="get_PackageVersion" signature="()" line-rate="1" branch-rate="1" complexity="1">
              <lines>
                <line number="30" hits="7" branch="False" />
              </lines>
            </method>
            <method name="get_PrimaryPurpose" signature="()" line-rate="1" branch-rate="1" complexity="1">
              <lines>
                <line number="34" hits="7" branch="False" />
              </lines>
            </method>
            <method name="get_AutonomyType" signature="()" line-rate="1" branch-rate="1" complexity="1">
              <lines>
                <line number="38" hits="2" branch="False" />
              </lines>
            </method>
            <method name="get_Domain" signature="()" line-rate="1" branch-rate="1" complexity="1">
              <lines>
                <line number="42" hits="7" branch="False" />
              </lines>
            </method>
            <method name="get_EnergyConsumption" signature="()" line-rate="1" branch-rate="1" complexity="1">
              <lines>
                <line number="46" hits="2" branch="False" />
              </lines>
            </method>
            <method name="get_HyperParameter" signature="()" line-rate="1" branch-rate="1" complexity="1">
              <lines>
                <line number="50" hits="7" branch="False" />
              </lines>
            </method>
            <method name="get_InformationAboutApplication" signature="()" line-rate="1" branch-rate="1" complexity="1">
              <lines>
                <line number="54" hits="2" branch="False" />
              </lines>
            </method>
            <method name="get_InformationAboutTraining" signature="()" line-rate="1" branch-rate="1" complexity="1">
              <lines>
                <line number="58" hits="2" branch="False" />
              </lines>
            </method>
            <method name="get_Limitation" signature="()" line-rate="1" branch-rate="1" complexity="1">
              <lines>
                <line number="62" hits="2" branch="False" />
              </lines>
            </method>
            <method name="get_Metric" signature="()" line-rate="1" branch-rate="1" complexity="1">
              <lines>
                <line number="66" hits="7" branch="False" />
              </lines>
            </method>
            <method name="get_MetricDecisionThreshold" signature="()" line-rate="1" branch-rate="1" complexity="1">
              <lines>
                <line number="70" hits="7" branch="False" />
              </lines>
            </method>
            <method name="get_ModelDataPreprocessing" signature="()" line-rate="1" branch-rate="1" complexity="1">
              <lines>
                <line number="74" hits="7" branch="False" />
              </lines>
            </method>
            <method name="get_ModelExplainability" signature="()" line-rate="1" branch-rate="1" complexity="1">
              <lines>
                <line number="78" hits="7" branch="False" />
              </lines>
            </method>
            <method name="get_SafetyRiskAssessment" signature="()" line-rate="1" branch-rate="1" complexity="1">
              <lines>
                <line number="82" hits="2" branch="False" />
              </lines>
            </method>
            <method name="get_StandardCompliance" signature="()" line-rate="1" branch-rate="1" complexity="1">
              <lines>
                <line number="86" hits="7" branch="False" />
              </lines>
            </method>
            <method name="get_TypeOfModel" signature="()" line-rate="1" branch-rate="1" complexity="1">
              <lines>
                <line number="90" hits="7" branch="False" />
              </lines>
            </method>
            <method name="get_UseSensitivePersonalInformation" signature="()" line-rate="1" branch-rate="1" complexity="1">
              <lines>
                <line number="94" hits="2" branch="False" />
              </lines>
            </method>
            <method name="Validate" signature="()" line-rate="1" branch-rate="1" complexity="1">
              <lines>
                <line number="120" hits="2" branch="False" />
                <line number="121" hits="2" branch="False" />
                <line number="122" hits="1" branch="False" />
                <line number="123" hits="1" branch="False" />
                <line number="124" hits="1" branch="False" />
                <line number="125" hits="1" branch="False" />
                <line number="126" hits="1" branch="False" />
                <line number="127" hits="1" branch="False" />
              </lines>
            </method>
            <method name=".ctor" signature="()" line-rate="1" branch-rate="1" complexity="1">
              <lines>
                <line number="98" hits="2" branch="False" />
                <line number="99" hits="2" branch="False" />
                <line number="100" hits="2" branch="False" />
              </lines>
            </method>
            <method name=".ctor" signature="(Spdx3.Utility.Catalog,Spdx3.Model.Core.Classes.CreationInfo,System.DateTimeOffset,Spdx3.Model.Core.Classes.Agent,System.Uri,System.String,Spdx3.Model.Software.Enums.SoftwarePurpose)" line-rate="1" branch-rate="1" complexity="1">
              <lines>
                <line number="110" hits="1" branch="False" />
                <line number="111" hits="1" branch="False" />
                <line number="112" hits="1" branch="False" />
                <line number="113" hits="1" branch="False" />
                <line number="114" hits="1" branch="False" />
                <line number="115" hits="1" branch="False" />
                <line number="116" hits="1" branch="False" />
                <line number="117" hits="1" branch="False" />
              </lines>
            </method>
          </methods>
          <lines>
            <line number="18" hits="7" branch="False" />
            <line number="22" hits="9" branch="False" />
            <line number="26" hits="7" branch="False" />
            <line number="30" hits="7" branch="False" />
            <line number="34" hits="7" branch="False" />
            <line number="38" hits="2" branch="False" />
            <line number="42" hits="7" branch="False" />
            <line number="46" hits="2" branch="False" />
            <line number="50" hits="7" branch="False" />
            <line number="54" hits="2" branch="False" />
            <line number="58" hits="2" branch="False" />
            <line number="62" hits="2" branch="False" />
            <line number="66" hits="7" branch="False" />
            <line number="70" hits="7" branch="False" />
            <line number="74" hits="7" branch="False" />
            <line number="78" hits="7" branch="False" />
            <line number="82" hits="2" branch="False" />
            <line number="86" hits="7" branch="False" />
            <line number="90" hits="7" branch="False" />
            <line number="94" hits="2" branch="False" />
            <line number="120" hits="2" branch="False" />
            <line number="121" hits="2" branch="False" />
            <line number="122" hits="1" branch="False" />
            <line number="123" hits="1" branch="False" />
            <line number="124" hits="1" branch="False" />
            <line number="125" hits="1" branch="False" />
            <line number="126" hits="1" branch="False" />
            <line number="127" hits="1" branch="False" />
            <line number="98" hits="2" branch="False" />
            <line number="99" hits="2" branch="False" />
            <line number="100" hits="2" branch="False" />
            <line number="110" hits="1" branch="False" />
            <line number="111" hits="1" branch="False" />
            <line number="112" hits="1" branch="False" />
            <line number="113" hits="1" branch="False" />
            <line number="114" hits="1" branch="False" />
            <line number="115" hits="1" branch="False" />
            <line number="116" hits="1" branch="False" />
            <line number="117" hits="1" branch="False" />
          </lines>
        </class>
        <class name="Spdx3.Model.AI.Classes.EnergyConsumption" filename="Model/AI/Classes/EnergyConsumption.cs" line-rate="1" branch-rate="1" complexity="5">
          <methods>
            <method name="get_FinetuningEnergyConsumption" signature="()" line-rate="1" branch-rate="1" complexity="1">
              <lines>
                <line number="13" hits="12" branch="False" />
              </lines>
            </method>
            <method name="get_InferenceEnergyConsumption" signature="()" line-rate="1" branch-rate="1" complexity="1">
              <lines>
                <line number="17" hits="12" branch="False" />
              </lines>
            </method>
            <method name="get_TrainingEnergyConsumption" signature="()" line-rate="1" branch-rate="1" complexity="1">
              <lines>
                <line number="21" hits="11" branch="False" />
              </lines>
            </method>
            <method name=".ctor" signature="()" line-rate="1" branch-rate="1" complexity="1">
              <lines>
                <line number="25" hits="2" branch="False" />
                <line number="26" hits="2" branch="False" />
                <line number="27" hits="2" branch="False" />
              </lines>
            </method>
            <method name=".ctor" signature="(Spdx3.Utility.Catalog)" line-rate="1" branch-rate="1" complexity="1">
              <lines>
                <line number="31" hits="2" branch="False" />
                <line number="32" hits="2" branch="False" />
                <line number="33" hits="2" branch="False" />
              </lines>
            </method>
          </methods>
          <lines>
            <line number="13" hits="12" branch="False" />
            <line number="17" hits="12" branch="False" />
            <line number="21" hits="11" branch="False" />
            <line number="25" hits="2" branch="False" />
            <line number="26" hits="2" branch="False" />
            <line number="27" hits="2" branch="False" />
            <line number="31" hits="2" branch="False" />
            <line number="32" hits="2" branch="False" />
            <line number="33" hits="2" branch="False" />
          </lines>
        </class>
        <class name="Spdx3.Model.AI.Classes.EnergyConsumptionDescription" filename="Model/AI/Classes/EnergyConsumptionDescription.cs" line-rate="1" branch-rate="1" complexity="5">
          <methods>
            <method name="get_EnergyQuantity" signature="()" line-rate="1" branch-rate="1" complexity="1">
              <lines>
                <line number="13" hits="13" branch="False" />
              </lines>
            </method>
            <method name="get_EnergyUnit" signature="()" line-rate="1" branch-rate="1" complexity="1">
              <lines>
                <line number="17" hits="12" branch="False" />
              </lines>
            </method>
            <method name="Validate" signature="()" line-rate="1" branch-rate="1" complexity="1">
              <lines>
                <line number="34" hits="2" branch="False" />
                <line number="35" hits="2" branch="False" />
                <line number="36" hits="1" branch="False" />
                <line number="37" hits="1" branch="False" />
                <line number="38" hits="1" branch="False" />
              </lines>
            </method>
            <method name=".ctor" signature="()" line-rate="1" branch-rate="1" complexity="1">
              <lines>
                <line number="21" hits="4" branch="False" />
                <line number="22" hits="4" branch="False" />
                <line number="23" hits="4" branch="False" />
              </lines>
            </method>
            <method name=".ctor" signature="(Spdx3.Utility.Catalog,System.Double,Spdx3.Model.AI.Enums.EnergyUnitType)" line-rate="1" branch-rate="1" complexity="1">
              <lines>
                <line number="27" hits="5" branch="False" />
                <line number="28" hits="5" branch="False" />
                <line number="29" hits="5" branch="False" />
                <line number="30" hits="5" branch="False" />
                <line number="31" hits="5" branch="False" />
              </lines>
            </method>
          </methods>
          <lines>
            <line number="13" hits="13" branch="False" />
            <line number="17" hits="12" branch="False" />
            <line number="34" hits="2" branch="False" />
            <line number="35" hits="2" branch="False" />
            <line number="36" hits="1" branch="False" />
            <line number="37" hits="1" branch="False" />
            <line number="38" hits="1" branch="False" />
            <line number="21" hits="4" branch="False" />
            <line number="22" hits="4" branch="False" />
            <line number="23" hits="4" branch="False" />
            <line number="27" hits="5" branch="False" />
            <line number="28" hits="5" branch="False" />
            <line number="29" hits="5" branch="False" />
            <line number="30" hits="5" branch="False" />
            <line number="31" hits="5" branch="False" />
          </lines>
        </class>
        <class name="Spdx3.Exceptions.Spdx3Exception" filename="Exceptions/Spdx3Exception.cs" line-rate="1" branch-rate="1" complexity="2">
          <methods>
            <method name=".ctor" signature="(System.String)" line-rate="1" branch-rate="1" complexity="1">
              <lines>
                <line number="8" hits="72" branch="False" />
                <line number="9" hits="72" branch="False" />
                <line number="10" hits="72" branch="False" />
              </lines>
            </method>
            <method name=".ctor" signature="(System.String,System.Exception)" line-rate="1" branch-rate="1" complexity="1">
              <lines>
                <line number="12" hits="17" branch="False" />
                <line number="13" hits="17" branch="False" />
                <line number="14" hits="17" branch="False" />
              </lines>
            </method>
          </methods>
          <lines>
            <line number="8" hits="72" branch="False" />
            <line number="9" hits="72" branch="False" />
            <line number="10" hits="72" branch="False" />
            <line number="12" hits="17" branch="False" />
            <line number="13" hits="17" branch="False" />
            <line number="14" hits="17" branch="False" />
          </lines>
        </class>
        <class name="Spdx3.Exceptions.Spdx3SerializationException" filename="Exceptions/Spdx3SerializationException.cs" line-rate="1" branch-rate="1" complexity="2">
          <methods>
            <method name=".ctor" signature="(System.String)" line-rate="1" branch-rate="1" complexity="1">
              <lines>
                <line number="5" hits="3" branch="False" />
                <line number="6" hits="3" branch="False" />
                <line number="7" hits="3" branch="False" />
              </lines>
            </method>
            <method name=".ctor" signature="(System.String,System.Exception)" line-rate="1" branch-rate="1" complexity="1">
              <lines>
                <line number="9" hits="1" branch="False" />
                <line number="10" hits="1" branch="False" />
                <line number="11" hits="1" branch="False" />
              </lines>
            </method>
          </methods>
          <lines>
            <line number="5" hits="3" branch="False" />
            <line number="6" hits="3" branch="False" />
            <line number="7" hits="3" branch="False" />
            <line number="9" hits="1" branch="False" />
            <line number="10" hits="1" branch="False" />
            <line number="11" hits="1" branch="False" />
          </lines>
        </class>
        <class name="Spdx3.Exceptions.Spdx3ValidationException" filename="Exceptions/Spdx3ValidationException.cs" line-rate="1" branch-rate="1" complexity="3">
          <methods>
            <method name="FormatMessage" signature="(Spdx3.Model.BaseModelClass,System.String,System.String)" line-rate="1" branch-rate="1" complexity="1">
              <lines>
                <line number="16" hits="62" branch="False" />
                <line number="17" hits="62" branch="False" />
                <line number="18" hits="62" branch="False" />
              </lines>
            </method>
            <method name=".ctor" signature="(Spdx3.Model.BaseModelClass,System.String,System.String)" line-rate="1" branch-rate="1" complexity="1">
              <lines>
                <line number="7" hits="62" branch="False" />
                <line number="8" hits="62" branch="False" />
                <line number="9" hits="62" branch="False" />
                <line number="10" hits="62" branch="False" />
              </lines>
            </method>
            <method name=".ctor" signature="(System.String)" line-rate="1" branch-rate="1" complexity="1">
              <lines>
                <line number="11" hits="1" branch="False" />
                <line number="12" hits="1" branch="False" />
                <line number="13" hits="1" branch="False" />
              </lines>
            </method>
          </methods>
          <lines>
            <line number="16" hits="62" branch="False" />
            <line number="17" hits="62" branch="False" />
            <line number="18" hits="62" branch="False" />
            <line number="7" hits="62" branch="False" />
            <line number="8" hits="62" branch="False" />
            <line number="9" hits="62" branch="False" />
            <line number="10" hits="62" branch="False" />
            <line number="11" hits="1" branch="False" />
            <line number="12" hits="1" branch="False" />
            <line number="13" hits="1" branch="False" />
          </lines>
        </class>
      </classes>
    </package>
  </packages>
</coverage>